<?xml version="1.0" encoding="UTF-8"?>
<!-- Generated by org.testng.reporters.JUnitXMLReporter -->
<testsuite hostname="EXPLTDC1PBT8H4W" name="Test" tests="5" failures="0" timestamp="8 Nov 2017 17:40:18 GMT" time="841.622" errors="0">
  <testcase name="@AfterMethod Screenshots" time="0.0" classname="tests.SFS_CSROrder">
    <failure type="java.lang.NullPointerException">
      <![CDATA[java.lang.NullPointerException
	at utilities.GenericFunctions.Capture_Screenshot(GenericFunctions.java:84)
	at tests.SFS_CSROrder.Screenshots(SFS_CSROrder.java:188)
... Removed 26 stack frames]]>
    </failure>
  </testcase> <!-- @AfterMethod Screenshots -->
  <testcase name="@AfterClass teardown" time="0.0" classname="tests.SFS_CSROrder">
    <skipped/>
  </testcase> <!-- @AfterClass teardown -->
  <testcase name="@AfterMethod Screenshots" time="0.0" classname="tests.BOPIS_CSROrder">
    <failure type="java.lang.NullPointerException">
      <![CDATA[java.lang.NullPointerException
	at utilities.GenericFunctions.Capture_Screenshot(GenericFunctions.java:84)
	at tests.BOPIS_CSROrder.Screenshots(BOPIS_CSROrder.java:200)
... Removed 26 stack frames]]>
    </failure>
  </testcase> <!-- @AfterMethod Screenshots -->
  <testcase name="@AfterMethod Screenshots" time="0.0" classname="tests.BOPIS_CSROrder">
    <skipped/>
  </testcase> <!-- @AfterMethod Screenshots -->
  <testcase name="@AfterClass teardown" time="0.0" classname="tests.BOPIS_CSROrder">
    <skipped/>
  </testcase> <!-- @AfterClass teardown -->
  <testcase name="@AfterMethod Screenshots" time="0.0" classname="tests.STS_CSROrder">
    <failure type="java.lang.NullPointerException">
      <![CDATA[java.lang.NullPointerException
	at utilities.GenericFunctions.Capture_Screenshot(GenericFunctions.java:84)
	at tests.STS_CSROrder.Screenshots(STS_CSROrder.java:199)
... Removed 26 stack frames]]>
    </failure>
  </testcase> <!-- @AfterMethod Screenshots -->
  <testcase name="@AfterMethod Screenshots" time="0.0" classname="tests.STS_CSROrder">
    <skipped/>
  </testcase> <!-- @AfterMethod Screenshots -->
  <testcase name="@AfterClass teardown" time="0.0" classname="tests.STS_CSROrder">
    <skipped/>
  </testcase> <!-- @AfterClass teardown -->
  <testcase name="CSR_Order" time="91.359" classname="tests.SFS_CSROrder"/>
  <testcase name="CSR_Order" time="691.681" classname="tests.BOPIS_CSROrder">
    <skipped/>
  </testcase> <!-- CSR_Order -->
  <testcase name="CSR_Order" time="0.001" classname="tests.BOPIS_CSROrder">
    <skipped/>
  </testcase> <!-- CSR_Order -->
  <testcase name="CSR_Order" time="50.334" classname="tests.STS_CSROrder">
    <skipped/>
  </testcase> <!-- CSR_Order -->
  <testcase name="CSR_Order" time="0.001" classname="tests.STS_CSROrder">
    <skipped/>
  </testcase> <!-- CSR_Order -->
</testsuite> <!-- Test -->
