<?xml version="1.0" encoding="UTF-8"?>
<testng-results skipped="0" failed="0" total="1" passed="1">
  <reporter-output>
  </reporter-output>
  <suite name="Default suite" duration-ms="86863" started-at="2017-11-02T19:14:12Z" finished-at="2017-11-02T19:15:39Z">
    <groups>
    </groups>
    <test name="Default test" duration-ms="86863" started-at="2017-11-02T19:14:12Z" finished-at="2017-11-02T19:15:39Z">
      <class name="tests.CSROrder">
        <test-method status="PASS" signature="Setup()[pri:0, instance:tests.CSROrder@523884b2]" name="Setup" is-config="true" duration-ms="2395" started-at="2017-11-02T15:14:12Z" finished-at="2017-11-02T15:14:15Z">
          <reporter-output>
          </reporter-output>
        </test-method> <!-- Setup -->
        <test-method status="PASS" signature="CSR_Order()[pri:0, instance:tests.CSROrder@523884b2]" name="CSR_Order" duration-ms="84444" started-at="2017-11-02T15:14:15Z" finished-at="2017-11-02T15:15:39Z">
          <reporter-output>
          </reporter-output>
        </test-method> <!-- CSR_Order -->
      </class> <!-- tests.CSROrder -->
    </test> <!-- Default test -->
  </suite> <!-- Default suite -->
</testng-results>
