<?xml version="1.0" encoding="UTF-8"?>
<testng-results skipped="0" failed="1" total="1" passed="0">
  <reporter-output>
  </reporter-output>
  <suite name="Default suite" duration-ms="48625" started-at="2017-11-09T15:32:01Z" finished-at="2017-11-09T15:32:50Z">
    <groups>
    </groups>
    <test name="Default test" duration-ms="48625" started-at="2017-11-09T15:32:01Z" finished-at="2017-11-09T15:32:50Z">
      <class name="tests.BOPIS_CSROrder">
        <test-method status="PASS" signature="Setup()[pri:0, instance:tests.BOPIS_CSROrder@7085bdee]" name="Setup" is-config="true" duration-ms="2616" started-at="2017-11-09T10:32:01Z" finished-at="2017-11-09T10:32:04Z">
          <reporter-output>
          </reporter-output>
        </test-method> <!-- Setup -->
        <test-method status="FAIL" signature="CSR_Order()[pri:0, instance:tests.BOPIS_CSROrder@7085bdee]" name="CSR_Order" duration-ms="44239" started-at="2017-11-09T10:32:04Z" finished-at="2017-11-09T10:32:48Z">
          <exception class="org.openqa.selenium.WebDriverException">
            <message>
              <![CDATA[unknown error: Element <span id="olm-button-1380-btnInnerEl" data-ref="btnInnerEl" unselectable="on" class="x-btn-inner x-btn-inner-olm-modern-small">...</span> is not clickable at point (985, 669). Other element would receive the click: <div id="container-1472-innerCt" data-ref="innerCt" role="presentation" class="x-box-inner" style="height: 506px; width: 588px;">...</div>
  (Session info: chrome=61.0.3163.100)
  (Driver info: chromedriver=2.30.477700 (0057494ad8732195794a7b32078424f92a5fce41),platform=Windows NT 6.1.7601 SP1 x86_64) (WARNING: The server did not provide any stacktrace information)
Command duration or timeout: 57 milliseconds
Build info: version: '2.53.1', revision: 'a36b8b1cd5757287168e54b817830adce9b0158d', time: '2016-06-30 19:26:09'
System info: host: 'EXPLTDC1PBT8H4W', ip: '172.26.218.214', os.name: 'Windows 7', os.arch: 'amd64', os.version: '6.1', java.version: '1.8.0_101'
Driver info: org.openqa.selenium.chrome.ChromeDriver
Capabilities [{applicationCacheEnabled=false, rotatable=false, mobileEmulationEnabled=false, networkConnectionEnabled=false, chrome={chromedriverVersion=2.30.477700 (0057494ad8732195794a7b32078424f92a5fce41), userDataDir=C:\Users\hnanjala\AppData\Local\Temp\scoped_dir8432_18439}, takesHeapSnapshot=true, pageLoadStrategy=normal, databaseEnabled=false, handlesAlerts=true, hasTouchScreen=false, version=61.0.3163.100, platform=XP, browserConnectionEnabled=false, nativeEvents=true, acceptSslCerts=true, locationContextEnabled=true, webStorageEnabled=true, browserName=chrome, takesScreenshot=true, javascriptEnabled=true, cssSelectorsEnabled=true, unexpectedAlertBehaviour=}]
Session ID: 4189cd284b368af8bde56e453ee6cf2c]]>
            </message>
            <full-stacktrace>
              <![CDATA[org.openqa.selenium.WebDriverException: unknown error: Element <span id="olm-button-1380-btnInnerEl" data-ref="btnInnerEl" unselectable="on" class="x-btn-inner x-btn-inner-olm-modern-small">...</span> is not clickable at point (985, 669). Other element would receive the click: <div id="container-1472-innerCt" data-ref="innerCt" role="presentation" class="x-box-inner" style="height: 506px; width: 588px;">...</div>
  (Session info: chrome=61.0.3163.100)
  (Driver info: chromedriver=2.30.477700 (0057494ad8732195794a7b32078424f92a5fce41),platform=Windows NT 6.1.7601 SP1 x86_64) (WARNING: The server did not provide any stacktrace information)
Command duration or timeout: 57 milliseconds
Build info: version: '2.53.1', revision: 'a36b8b1cd5757287168e54b817830adce9b0158d', time: '2016-06-30 19:26:09'
System info: host: 'EXPLTDC1PBT8H4W', ip: '172.26.218.214', os.name: 'Windows 7', os.arch: 'amd64', os.version: '6.1', java.version: '1.8.0_101'
Driver info: org.openqa.selenium.chrome.ChromeDriver
Capabilities [{applicationCacheEnabled=false, rotatable=false, mobileEmulationEnabled=false, networkConnectionEnabled=false, chrome={chromedriverVersion=2.30.477700 (0057494ad8732195794a7b32078424f92a5fce41), userDataDir=C:\Users\hnanjala\AppData\Local\Temp\scoped_dir8432_18439}, takesHeapSnapshot=true, pageLoadStrategy=normal, databaseEnabled=false, handlesAlerts=true, hasTouchScreen=false, version=61.0.3163.100, platform=XP, browserConnectionEnabled=false, nativeEvents=true, acceptSslCerts=true, locationContextEnabled=true, webStorageEnabled=true, browserName=chrome, takesScreenshot=true, javascriptEnabled=true, cssSelectorsEnabled=true, unexpectedAlertBehaviour=}]
Session ID: 4189cd284b368af8bde56e453ee6cf2c
	at sun.reflect.NativeConstructorAccessorImpl.newInstance0(Native Method)
	at sun.reflect.NativeConstructorAccessorImpl.newInstance(NativeConstructorAccessorImpl.java:62)
	at sun.reflect.DelegatingConstructorAccessorImpl.newInstance(DelegatingConstructorAccessorImpl.java:45)
	at java.lang.reflect.Constructor.newInstance(Constructor.java:423)
	at org.openqa.selenium.remote.ErrorHandler.createThrowable(ErrorHandler.java:206)
	at org.openqa.selenium.remote.ErrorHandler.throwIfResponseFailed(ErrorHandler.java:158)
	at org.openqa.selenium.remote.RemoteWebDriver.execute(RemoteWebDriver.java:678)
	at org.openqa.selenium.remote.RemoteWebElement.execute(RemoteWebElement.java:327)
	at org.openqa.selenium.remote.RemoteWebElement.click(RemoteWebElement.java:85)
	at tests.BOPIS_CSROrder.CSR_Order(BOPIS_CSROrder.java:155)
	at sun.reflect.NativeMethodAccessorImpl.invoke0(Native Method)
	at sun.reflect.NativeMethodAccessorImpl.invoke(NativeMethodAccessorImpl.java:62)
	at sun.reflect.DelegatingMethodAccessorImpl.invoke(DelegatingMethodAccessorImpl.java:43)
	at java.lang.reflect.Method.invoke(Method.java:498)
	at org.testng.internal.MethodInvocationHelper.invokeMethod(MethodInvocationHelper.java:85)
	at org.testng.internal.Invoker.invokeMethod(Invoker.java:639)
	at org.testng.internal.Invoker.invokeTestMethod(Invoker.java:816)
	at org.testng.internal.Invoker.invokeTestMethods(Invoker.java:1124)
	at org.testng.internal.TestMethodWorker.invokeTestMethods(TestMethodWorker.java:125)
	at org.testng.internal.TestMethodWorker.run(TestMethodWorker.java:108)
	at org.testng.TestRunner.privateRun(TestRunner.java:774)
	at org.testng.TestRunner.run(TestRunner.java:624)
	at org.testng.SuiteRunner.runTest(SuiteRunner.java:359)
	at org.testng.SuiteRunner.runSequentially(SuiteRunner.java:354)
	at org.testng.SuiteRunner.privateRun(SuiteRunner.java:312)
	at org.testng.SuiteRunner.run(SuiteRunner.java:261)
	at org.testng.SuiteRunnerWorker.runSuite(SuiteRunnerWorker.java:52)
	at org.testng.SuiteRunnerWorker.run(SuiteRunnerWorker.java:86)
	at org.testng.TestNG.runSuitesSequentially(TestNG.java:1215)
	at org.testng.TestNG.runSuitesLocally(TestNG.java:1140)
	at org.testng.TestNG.run(TestNG.java:1048)
	at org.testng.remote.AbstractRemoteTestNG.run(AbstractRemoteTestNG.java:132)
	at org.testng.remote.RemoteTestNG.initAndRun(RemoteTestNG.java:236)
	at org.testng.remote.RemoteTestNG.main(RemoteTestNG.java:81)
]]>
            </full-stacktrace>
          </exception> <!-- org.openqa.selenium.WebDriverException -->
          <reporter-output>
          </reporter-output>
        </test-method> <!-- CSR_Order -->
        <test-method status="PASS" signature="Capture_Screenshot(org.testng.ITestResult)[pri:0, instance:tests.BOPIS_CSROrder@7085bdee]" name="Capture_Screenshot" is-config="true" duration-ms="528" started-at="2017-11-09T10:32:48Z" finished-at="2017-11-09T10:32:49Z">
          <params>
            <param index="0">
              <value>
                <![CDATA[[TestResult name=CSR_Order status=FAILURE method=BOPIS_CSROrder.CSR_Order()[pri:0, instance:tests.BOPIS_CSROrder@7085bdee] output={null}]]]>
              </value>
            </param>
          </params>
          <reporter-output>
          </reporter-output>
        </test-method> <!-- Capture_Screenshot -->
        <test-method status="PASS" signature="teardown()[pri:0, instance:tests.BOPIS_CSROrder@7085bdee]" name="teardown" is-config="true" duration-ms="1222" started-at="2017-11-09T10:32:49Z" finished-at="2017-11-09T10:32:50Z">
          <reporter-output>
          </reporter-output>
        </test-method> <!-- teardown -->
      </class> <!-- tests.BOPIS_CSROrder -->
    </test> <!-- Default test -->
  </suite> <!-- Default suite -->
</testng-results>
