<?xml version="1.0" encoding="UTF-8"?>
<testng-results skipped="0" failed="0" total="1" passed="1">
  <reporter-output>
  </reporter-output>
  <suite name="Default suite" duration-ms="102312" started-at="2017-11-13T19:38:15Z" finished-at="2017-11-13T19:39:57Z">
    <groups>
    </groups>
    <test name="Default test" duration-ms="102312" started-at="2017-11-13T19:38:15Z" finished-at="2017-11-13T19:39:57Z">
      <class name="tests.BOPIS_CSROrder">
        <test-method status="PASS" signature="Setup()[pri:0, instance:tests.BOPIS_CSROrder@7085bdee]" name="Setup" is-config="true" duration-ms="2442" started-at="2017-11-13T14:38:15Z" finished-at="2017-11-13T14:38:17Z">
          <reporter-output>
          </reporter-output>
        </test-method> <!-- Setup -->
        <test-method status="PASS" signature="CSR_Order()[pri:0, instance:tests.BOPIS_CSROrder@7085bdee]" name="CSR_Order" duration-ms="96154" started-at="2017-11-13T14:38:17Z" finished-at="2017-11-13T14:39:53Z">
          <reporter-output>
          </reporter-output>
        </test-method> <!-- CSR_Order -->
        <test-method status="PASS" signature="Capture_Screenshot(org.testng.ITestResult)[pri:0, instance:tests.BOPIS_CSROrder@7085bdee]" name="Capture_Screenshot" is-config="true" duration-ms="309" started-at="2017-11-13T14:39:53Z" finished-at="2017-11-13T14:39:54Z">
          <params>
            <param index="0">
              <value>
                <![CDATA[[TestResult name=CSR_Order status=SUCCESS method=BOPIS_CSROrder.CSR_Order()[pri:0, instance:tests.BOPIS_CSROrder@7085bdee] output={null}]]]>
              </value>
            </param>
          </params>
          <reporter-output>
          </reporter-output>
        </test-method> <!-- Capture_Screenshot -->
        <test-method status="PASS" signature="teardown()[pri:0, instance:tests.BOPIS_CSROrder@7085bdee]" name="teardown" is-config="true" duration-ms="3393" started-at="2017-11-13T14:39:54Z" finished-at="2017-11-13T14:39:57Z">
          <reporter-output>
          </reporter-output>
        </test-method> <!-- teardown -->
      </class> <!-- tests.BOPIS_CSROrder -->
    </test> <!-- Default test -->
  </suite> <!-- Default suite -->
</testng-results>
