<?xml version="1.0" encoding="UTF-8"?>
<testng-results skipped="4" failed="0" total="5" passed="1">
  <reporter-output>
    <line>
      <![CDATA[About to begin executing Suite Suite]]>
    </line>
    <line>
      <![CDATA[About to begin executing Test Test]]>
    </line>
    <line>
      <![CDATA[About to begin executing following method : SFS_CSROrder.Setup]]>
    </line>
    <line>
      <![CDATA[Completed executing following method : SFS_CSROrder.Setup]]>
    </line>
    <line>
      <![CDATA[About to begin executing following method : SFS_CSROrder.CSR_Order]]>
    </line>
    <line>
      <![CDATA[Completed executing following method : SFS_CSROrder.CSR_Order]]>
    </line>
    <line>
      <![CDATA[Test Method resides in tests.SFS_CSROrder]]>
    </line>
    <line>
      <![CDATA[Test Status: Pass]]>
    </line>
    <line>
      <![CDATA[About to begin executing following method : SFS_CSROrder.Screenshots]]>
    </line>
    <line>
      <![CDATA[Completed executing following method : SFS_CSROrder.Screenshots]]>
    </line>
    <line>
      <![CDATA[About to begin executing following method : BOPIS_CSROrder.Setup]]>
    </line>
    <line>
      <![CDATA[Completed executing following method : BOPIS_CSROrder.Setup]]>
    </line>
    <line>
      <![CDATA[About to begin executing following method : BOPIS_CSROrder.CSR_Order]]>
    </line>
    <line>
      <![CDATA[Completed executing following method : BOPIS_CSROrder.CSR_Order]]>
    </line>
    <line>
      <![CDATA[Test Method resides in tests.BOPIS_CSROrder]]>
    </line>
    <line>
      <![CDATA[Test Status: Skipped]]>
    </line>
    <line>
      <![CDATA[About to begin executing following method : BOPIS_CSROrder.Screenshots]]>
    </line>
    <line>
      <![CDATA[Completed executing following method : BOPIS_CSROrder.Screenshots]]>
    </line>
    <line>
      <![CDATA[About to begin executing following method : BOPIS_CSROrder.CSR_Order]]>
    </line>
    <line>
      <![CDATA[Completed executing following method : BOPIS_CSROrder.CSR_Order]]>
    </line>
    <line>
      <![CDATA[Test Method resides in tests.BOPIS_CSROrder]]>
    </line>
    <line>
      <![CDATA[Test Status: Skipped]]>
    </line>
    <line>
      <![CDATA[About to begin executing following method : STS_CSROrder.Setup]]>
    </line>
    <line>
      <![CDATA[Completed executing following method : STS_CSROrder.Setup]]>
    </line>
    <line>
      <![CDATA[About to begin executing following method : STS_CSROrder.CSR_Order]]>
    </line>
    <line>
      <![CDATA[Completed executing following method : STS_CSROrder.CSR_Order]]>
    </line>
    <line>
      <![CDATA[Test Method resides in tests.STS_CSROrder]]>
    </line>
    <line>
      <![CDATA[Test Status: Skipped]]>
    </line>
    <line>
      <![CDATA[About to begin executing following method : STS_CSROrder.Screenshots]]>
    </line>
    <line>
      <![CDATA[Completed executing following method : STS_CSROrder.Screenshots]]>
    </line>
  </reporter-output>
  <suite name="Suite" duration-ms="841622" started-at="2017-11-08T17:26:16Z" finished-at="2017-11-08T17:40:18Z">
    <groups>
    </groups>
    <test name="Test" duration-ms="841622" started-at="2017-11-08T17:26:16Z" finished-at="2017-11-08T17:40:18Z">
      <class name="tests.STS_CSROrder">
        <test-method status="PASS" signature="Setup()[pri:0, instance:tests.STS_CSROrder@56ac3a89]" name="Setup" is-config="true" duration-ms="2636" started-at="2017-11-08T12:39:25Z" finished-at="2017-11-08T12:39:27Z">
          <reporter-output>
            <line>
              <![CDATA[Completed executing following method : STS_CSROrder.Setup]]>
            </line>
          </reporter-output>
        </test-method> <!-- Setup -->
        <test-method status="SKIP" signature="CSR_Order()[pri:0, instance:tests.STS_CSROrder@56ac3a89]" name="CSR_Order" duration-ms="50334" started-at="2017-11-08T12:39:27Z" finished-at="2017-11-08T12:40:18Z">
          <exception class="org.openqa.selenium.TimeoutException">
            <message>
              <![CDATA[Timed out after 15 seconds waiting for element to be clickable: By.xpath: //label[contains(.,'Ship to store')][contains(@id,'radiofield')]
Build info: version: '2.53.1', revision: 'a36b8b1cd5757287168e54b817830adce9b0158d', time: '2016-06-30 19:26:09'
System info: host: 'EXPLTDC1PBT8H4W', ip: '172.26.218.214', os.name: 'Windows 7', os.arch: 'amd64', os.version: '6.1', java.version: '1.8.0_101'
Driver info: org.openqa.selenium.chrome.ChromeDriver
Capabilities [{applicationCacheEnabled=false, rotatable=false, mobileEmulationEnabled=false, networkConnectionEnabled=false, chrome={chromedriverVersion=2.30.477700 (0057494ad8732195794a7b32078424f92a5fce41), userDataDir=C:\Users\hnanjala\AppData\Local\Temp\scoped_dir9208_29701}, takesHeapSnapshot=true, pageLoadStrategy=normal, databaseEnabled=false, handlesAlerts=true, hasTouchScreen=false, version=61.0.3163.100, platform=XP, browserConnectionEnabled=false, nativeEvents=true, acceptSslCerts=true, locationContextEnabled=true, webStorageEnabled=true, browserName=chrome, takesScreenshot=true, javascriptEnabled=true, cssSelectorsEnabled=true, unexpectedAlertBehaviour=}]
Session ID: cbdba2114a1261220e5d8a7249b9087e]]>
            </message>
            <full-stacktrace>
              <![CDATA[org.openqa.selenium.TimeoutException: Timed out after 15 seconds waiting for element to be clickable: By.xpath: //label[contains(.,'Ship to store')][contains(@id,'radiofield')]
Build info: version: '2.53.1', revision: 'a36b8b1cd5757287168e54b817830adce9b0158d', time: '2016-06-30 19:26:09'
System info: host: 'EXPLTDC1PBT8H4W', ip: '172.26.218.214', os.name: 'Windows 7', os.arch: 'amd64', os.version: '6.1', java.version: '1.8.0_101'
Driver info: org.openqa.selenium.chrome.ChromeDriver
Capabilities [{applicationCacheEnabled=false, rotatable=false, mobileEmulationEnabled=false, networkConnectionEnabled=false, chrome={chromedriverVersion=2.30.477700 (0057494ad8732195794a7b32078424f92a5fce41), userDataDir=C:\Users\hnanjala\AppData\Local\Temp\scoped_dir9208_29701}, takesHeapSnapshot=true, pageLoadStrategy=normal, databaseEnabled=false, handlesAlerts=true, hasTouchScreen=false, version=61.0.3163.100, platform=XP, browserConnectionEnabled=false, nativeEvents=true, acceptSslCerts=true, locationContextEnabled=true, webStorageEnabled=true, browserName=chrome, takesScreenshot=true, javascriptEnabled=true, cssSelectorsEnabled=true, unexpectedAlertBehaviour=}]
Session ID: cbdba2114a1261220e5d8a7249b9087e
	at org.openqa.selenium.support.ui.WebDriverWait.timeoutException(WebDriverWait.java:80)
	at org.openqa.selenium.support.ui.FluentWait.until(FluentWait.java:261)
	at tests.STS_CSROrder.CSR_Order(STS_CSROrder.java:128)
	at sun.reflect.NativeMethodAccessorImpl.invoke0(Native Method)
	at sun.reflect.NativeMethodAccessorImpl.invoke(NativeMethodAccessorImpl.java:62)
	at sun.reflect.DelegatingMethodAccessorImpl.invoke(DelegatingMethodAccessorImpl.java:43)
	at java.lang.reflect.Method.invoke(Method.java:498)
	at org.testng.internal.MethodInvocationHelper.invokeMethod(MethodInvocationHelper.java:85)
	at org.testng.internal.Invoker.invokeMethod(Invoker.java:639)
	at org.testng.internal.Invoker.invokeTestMethod(Invoker.java:816)
	at org.testng.internal.Invoker.invokeTestMethods(Invoker.java:1124)
	at org.testng.internal.TestMethodWorker.invokeTestMethods(TestMethodWorker.java:125)
	at org.testng.internal.TestMethodWorker.run(TestMethodWorker.java:108)
	at org.testng.TestRunner.privateRun(TestRunner.java:774)
	at org.testng.TestRunner.run(TestRunner.java:624)
	at org.testng.SuiteRunner.runTest(SuiteRunner.java:359)
	at org.testng.SuiteRunner.runSequentially(SuiteRunner.java:354)
	at org.testng.SuiteRunner.privateRun(SuiteRunner.java:312)
	at org.testng.SuiteRunner.run(SuiteRunner.java:261)
	at org.testng.SuiteRunnerWorker.runSuite(SuiteRunnerWorker.java:52)
	at org.testng.SuiteRunnerWorker.run(SuiteRunnerWorker.java:86)
	at org.testng.TestNG.runSuitesSequentially(TestNG.java:1215)
	at org.testng.TestNG.runSuitesLocally(TestNG.java:1140)
	at org.testng.TestNG.run(TestNG.java:1048)
	at org.testng.remote.AbstractRemoteTestNG.run(AbstractRemoteTestNG.java:132)
	at org.testng.remote.RemoteTestNG.initAndRun(RemoteTestNG.java:236)
	at org.testng.remote.RemoteTestNG.main(RemoteTestNG.java:81)
Caused by: org.openqa.selenium.NoSuchElementException: no such element: Unable to locate element: {"method":"xpath","selector":"//label[contains(.,'Ship to store')][contains(@id,'radiofield')]"}
  (Session info: chrome=61.0.3163.100)
  (Driver info: chromedriver=2.30.477700 (0057494ad8732195794a7b32078424f92a5fce41),platform=Windows NT 6.1.7601 SP1 x86_64) (WARNING: The server did not provide any stacktrace information)
Command duration or timeout: 30.02 seconds
For documentation on this error, please visit: http://seleniumhq.org/exceptions/no_such_element.html
Build info: version: '2.53.1', revision: 'a36b8b1cd5757287168e54b817830adce9b0158d', time: '2016-06-30 19:26:09'
System info: host: 'EXPLTDC1PBT8H4W', ip: '172.26.218.214', os.name: 'Windows 7', os.arch: 'amd64', os.version: '6.1', java.version: '1.8.0_101'
Driver info: org.openqa.selenium.chrome.ChromeDriver
Capabilities [{applicationCacheEnabled=false, rotatable=false, mobileEmulationEnabled=false, networkConnectionEnabled=false, chrome={chromedriverVersion=2.30.477700 (0057494ad8732195794a7b32078424f92a5fce41), userDataDir=C:\Users\hnanjala\AppData\Local\Temp\scoped_dir9208_29701}, takesHeapSnapshot=true, pageLoadStrategy=normal, databaseEnabled=false, handlesAlerts=true, hasTouchScreen=false, version=61.0.3163.100, platform=XP, browserConnectionEnabled=false, nativeEvents=true, acceptSslCerts=true, locationContextEnabled=true, webStorageEnabled=true, browserName=chrome, takesScreenshot=true, javascriptEnabled=true, cssSelectorsEnabled=true, unexpectedAlertBehaviour=}]
Session ID: cbdba2114a1261220e5d8a7249b9087e
*** Element info: {Using=xpath, value=//label[contains(.,'Ship to store')][contains(@id,'radiofield')]}
	at sun.reflect.NativeConstructorAccessorImpl.newInstance0(Native Method)
	at sun.reflect.NativeConstructorAccessorImpl.newInstance(NativeConstructorAccessorImpl.java:62)
	at sun.reflect.DelegatingConstructorAccessorImpl.newInstance(DelegatingConstructorAccessorImpl.java:45)
	at java.lang.reflect.Constructor.newInstance(Constructor.java:423)
	at org.openqa.selenium.remote.ErrorHandler.createThrowable(ErrorHandler.java:206)
	at org.openqa.selenium.remote.ErrorHandler.throwIfResponseFailed(ErrorHandler.java:158)
	at org.openqa.selenium.remote.RemoteWebDriver.execute(RemoteWebDriver.java:678)
	at org.openqa.selenium.remote.RemoteWebDriver.findElement(RemoteWebDriver.java:363)
	at org.openqa.selenium.remote.RemoteWebDriver.findElementByXPath(RemoteWebDriver.java:500)
	at org.openqa.selenium.By$ByXPath.findElement(By.java:361)
	at org.openqa.selenium.remote.RemoteWebDriver.findElement(RemoteWebDriver.java:355)
	at org.openqa.selenium.support.ui.ExpectedConditions.findElement(ExpectedConditions.java:899)
	at org.openqa.selenium.support.ui.ExpectedConditions.access$000(ExpectedConditions.java:41)
	at org.openqa.selenium.support.ui.ExpectedConditions$7.apply(ExpectedConditions.java:205)
	at org.openqa.selenium.support.ui.ExpectedConditions$7.apply(ExpectedConditions.java:201)
	at org.openqa.selenium.support.ui.ExpectedConditions$22.apply(ExpectedConditions.java:653)
	at org.openqa.selenium.support.ui.ExpectedConditions$22.apply(ExpectedConditions.java:646)
	at org.openqa.selenium.support.ui.FluentWait.until(FluentWait.java:238)
	... 25 more
]]>
            </full-stacktrace>
          </exception> <!-- org.openqa.selenium.TimeoutException -->
          <reporter-output>
            <line>
              <![CDATA[Completed executing following method : STS_CSROrder.CSR_Order]]>
            </line>
            <line>
              <![CDATA[Test Method resides in tests.STS_CSROrder]]>
            </line>
            <line>
              <![CDATA[Test Status: Skipped]]>
            </line>
            <line>
              <![CDATA[About to begin executing following method : STS_CSROrder.Screenshots]]>
            </line>
          </reporter-output>
        </test-method> <!-- CSR_Order -->
        <test-method status="FAIL" signature="Screenshots()[pri:0, instance:tests.STS_CSROrder@56ac3a89]" name="Screenshots" is-config="true" duration-ms="0" started-at="2017-11-08T12:40:18Z" finished-at="2017-11-08T12:40:18Z">
          <exception class="java.lang.NullPointerException">
            <full-stacktrace>
              <![CDATA[java.lang.NullPointerException
	at utilities.GenericFunctions.Capture_Screenshot(GenericFunctions.java:84)
	at tests.STS_CSROrder.Screenshots(STS_CSROrder.java:199)
	at sun.reflect.NativeMethodAccessorImpl.invoke0(Native Method)
	at sun.reflect.NativeMethodAccessorImpl.invoke(NativeMethodAccessorImpl.java:62)
	at sun.reflect.DelegatingMethodAccessorImpl.invoke(DelegatingMethodAccessorImpl.java:43)
	at java.lang.reflect.Method.invoke(Method.java:498)
	at org.testng.internal.MethodInvocationHelper.invokeMethod(MethodInvocationHelper.java:85)
	at org.testng.internal.Invoker.invokeConfigurationMethod(Invoker.java:510)
	at org.testng.internal.Invoker.invokeConfigurations(Invoker.java:211)
	at org.testng.internal.Invoker.invokeMethod(Invoker.java:703)
	at org.testng.internal.Invoker.invokeTestMethod(Invoker.java:816)
	at org.testng.internal.Invoker.invokeTestMethods(Invoker.java:1124)
	at org.testng.internal.TestMethodWorker.invokeTestMethods(TestMethodWorker.java:125)
	at org.testng.internal.TestMethodWorker.run(TestMethodWorker.java:108)
	at org.testng.TestRunner.privateRun(TestRunner.java:774)
	at org.testng.TestRunner.run(TestRunner.java:624)
	at org.testng.SuiteRunner.runTest(SuiteRunner.java:359)
	at org.testng.SuiteRunner.runSequentially(SuiteRunner.java:354)
	at org.testng.SuiteRunner.privateRun(SuiteRunner.java:312)
	at org.testng.SuiteRunner.run(SuiteRunner.java:261)
	at org.testng.SuiteRunnerWorker.runSuite(SuiteRunnerWorker.java:52)
	at org.testng.SuiteRunnerWorker.run(SuiteRunnerWorker.java:86)
	at org.testng.TestNG.runSuitesSequentially(TestNG.java:1215)
	at org.testng.TestNG.runSuitesLocally(TestNG.java:1140)
	at org.testng.TestNG.run(TestNG.java:1048)
	at org.testng.remote.AbstractRemoteTestNG.run(AbstractRemoteTestNG.java:132)
	at org.testng.remote.RemoteTestNG.initAndRun(RemoteTestNG.java:236)
	at org.testng.remote.RemoteTestNG.main(RemoteTestNG.java:81)
]]>
            </full-stacktrace>
          </exception> <!-- java.lang.NullPointerException -->
          <reporter-output>
            <line>
              <![CDATA[Completed executing following method : STS_CSROrder.Screenshots]]>
            </line>
          </reporter-output>
        </test-method> <!-- Screenshots -->
        <test-method status="SKIP" signature="CSR_Order()[pri:0, instance:tests.STS_CSROrder@56ac3a89]" name="CSR_Order" duration-ms="1" started-at="2017-11-08T12:40:18Z" finished-at="2017-11-08T12:40:18Z">
          <reporter-output>
          </reporter-output>
        </test-method> <!-- CSR_Order -->
        <test-method status="SKIP" signature="Screenshots()[pri:0, instance:tests.STS_CSROrder@56ac3a89]" name="Screenshots" is-config="true" duration-ms="0" started-at="2017-11-08T12:40:18Z" finished-at="2017-11-08T12:40:18Z">
          <reporter-output>
          </reporter-output>
        </test-method> <!-- Screenshots -->
        <test-method status="SKIP" signature="teardown()[pri:0, instance:tests.STS_CSROrder@56ac3a89]" name="teardown" is-config="true" duration-ms="0" started-at="2017-11-08T12:40:18Z" finished-at="2017-11-08T12:40:18Z">
          <reporter-output>
          </reporter-output>
        </test-method> <!-- teardown -->
      </class> <!-- tests.STS_CSROrder -->
      <class name="tests.BOPIS_CSROrder">
        <test-method status="PASS" signature="Setup()[pri:0, instance:tests.BOPIS_CSROrder@490ab905]" name="Setup" is-config="true" duration-ms="1328" started-at="2017-11-08T12:27:51Z" finished-at="2017-11-08T12:27:52Z">
          <reporter-output>
            <line>
              <![CDATA[Completed executing following method : BOPIS_CSROrder.Setup]]>
            </line>
          </reporter-output>
        </test-method> <!-- Setup -->
        <test-method status="SKIP" signature="CSR_Order()[pri:0, instance:tests.BOPIS_CSROrder@490ab905]" name="CSR_Order" duration-ms="691681" started-at="2017-11-08T12:27:52Z" finished-at="2017-11-08T12:39:24Z">
          <exception class="org.openqa.selenium.TimeoutException">
            <message>
              <![CDATA[timeout
  (Session info: chrome=61.0.3163.100)
  (Driver info: chromedriver=2.30.477700 (0057494ad8732195794a7b32078424f92a5fce41),platform=Windows NT 6.1.7601 SP1 x86_64) (WARNING: The server did not provide any stacktrace information)
Command duration or timeout: 584.62 seconds
Build info: version: '2.53.1', revision: 'a36b8b1cd5757287168e54b817830adce9b0158d', time: '2016-06-30 19:26:09'
System info: host: 'EXPLTDC1PBT8H4W', ip: '172.26.218.214', os.name: 'Windows 7', os.arch: 'amd64', os.version: '6.1', java.version: '1.8.0_101'
Driver info: org.openqa.selenium.chrome.ChromeDriver
Capabilities [{applicationCacheEnabled=false, rotatable=false, mobileEmulationEnabled=false, networkConnectionEnabled=false, chrome={chromedriverVersion=2.30.477700 (0057494ad8732195794a7b32078424f92a5fce41), userDataDir=C:\Users\hnanjala\AppData\Local\Temp\scoped_dir7204_29603}, takesHeapSnapshot=true, pageLoadStrategy=normal, databaseEnabled=false, handlesAlerts=true, hasTouchScreen=false, version=61.0.3163.100, platform=XP, browserConnectionEnabled=false, nativeEvents=true, acceptSslCerts=true, locationContextEnabled=true, webStorageEnabled=true, browserName=chrome, takesScreenshot=true, javascriptEnabled=true, cssSelectorsEnabled=true, unexpectedAlertBehaviour=}]
Session ID: c1c71fd70d3df6d5177cd984bb9c8ec6
*** Element info: {Using=xpath, value=//label[text()='']/following::span[contains(@id,'olm-button')][text()='PICK UP']}]]>
            </message>
            <full-stacktrace>
              <![CDATA[org.openqa.selenium.TimeoutException: timeout
  (Session info: chrome=61.0.3163.100)
  (Driver info: chromedriver=2.30.477700 (0057494ad8732195794a7b32078424f92a5fce41),platform=Windows NT 6.1.7601 SP1 x86_64) (WARNING: The server did not provide any stacktrace information)
Command duration or timeout: 584.62 seconds
Build info: version: '2.53.1', revision: 'a36b8b1cd5757287168e54b817830adce9b0158d', time: '2016-06-30 19:26:09'
System info: host: 'EXPLTDC1PBT8H4W', ip: '172.26.218.214', os.name: 'Windows 7', os.arch: 'amd64', os.version: '6.1', java.version: '1.8.0_101'
Driver info: org.openqa.selenium.chrome.ChromeDriver
Capabilities [{applicationCacheEnabled=false, rotatable=false, mobileEmulationEnabled=false, networkConnectionEnabled=false, chrome={chromedriverVersion=2.30.477700 (0057494ad8732195794a7b32078424f92a5fce41), userDataDir=C:\Users\hnanjala\AppData\Local\Temp\scoped_dir7204_29603}, takesHeapSnapshot=true, pageLoadStrategy=normal, databaseEnabled=false, handlesAlerts=true, hasTouchScreen=false, version=61.0.3163.100, platform=XP, browserConnectionEnabled=false, nativeEvents=true, acceptSslCerts=true, locationContextEnabled=true, webStorageEnabled=true, browserName=chrome, takesScreenshot=true, javascriptEnabled=true, cssSelectorsEnabled=true, unexpectedAlertBehaviour=}]
Session ID: c1c71fd70d3df6d5177cd984bb9c8ec6
*** Element info: {Using=xpath, value=//label[text()='']/following::span[contains(@id,'olm-button')][text()='PICK UP']}
	at sun.reflect.NativeConstructorAccessorImpl.newInstance0(Native Method)
	at sun.reflect.NativeConstructorAccessorImpl.newInstance(NativeConstructorAccessorImpl.java:62)
	at sun.reflect.DelegatingConstructorAccessorImpl.newInstance(DelegatingConstructorAccessorImpl.java:45)
	at java.lang.reflect.Constructor.newInstance(Constructor.java:423)
	at org.openqa.selenium.remote.ErrorHandler.createThrowable(ErrorHandler.java:206)
	at org.openqa.selenium.remote.ErrorHandler.throwIfResponseFailed(ErrorHandler.java:158)
	at org.openqa.selenium.remote.RemoteWebDriver.execute(RemoteWebDriver.java:678)
	at org.openqa.selenium.remote.RemoteWebDriver.findElement(RemoteWebDriver.java:363)
	at org.openqa.selenium.remote.RemoteWebDriver.findElementByXPath(RemoteWebDriver.java:500)
	at org.openqa.selenium.By$ByXPath.findElement(By.java:361)
	at org.openqa.selenium.remote.RemoteWebDriver.findElement(RemoteWebDriver.java:355)
	at tests.BOPIS_CSROrder.CSR_Order(BOPIS_CSROrder.java:143)
	at sun.reflect.NativeMethodAccessorImpl.invoke0(Native Method)
	at sun.reflect.NativeMethodAccessorImpl.invoke(NativeMethodAccessorImpl.java:62)
	at sun.reflect.DelegatingMethodAccessorImpl.invoke(DelegatingMethodAccessorImpl.java:43)
	at java.lang.reflect.Method.invoke(Method.java:498)
	at org.testng.internal.MethodInvocationHelper.invokeMethod(MethodInvocationHelper.java:85)
	at org.testng.internal.Invoker.invokeMethod(Invoker.java:639)
	at org.testng.internal.Invoker.invokeTestMethod(Invoker.java:816)
	at org.testng.internal.Invoker.invokeTestMethods(Invoker.java:1124)
	at org.testng.internal.TestMethodWorker.invokeTestMethods(TestMethodWorker.java:125)
	at org.testng.internal.TestMethodWorker.run(TestMethodWorker.java:108)
	at org.testng.TestRunner.privateRun(TestRunner.java:774)
	at org.testng.TestRunner.run(TestRunner.java:624)
	at org.testng.SuiteRunner.runTest(SuiteRunner.java:359)
	at org.testng.SuiteRunner.runSequentially(SuiteRunner.java:354)
	at org.testng.SuiteRunner.privateRun(SuiteRunner.java:312)
	at org.testng.SuiteRunner.run(SuiteRunner.java:261)
	at org.testng.SuiteRunnerWorker.runSuite(SuiteRunnerWorker.java:52)
	at org.testng.SuiteRunnerWorker.run(SuiteRunnerWorker.java:86)
	at org.testng.TestNG.runSuitesSequentially(TestNG.java:1215)
	at org.testng.TestNG.runSuitesLocally(TestNG.java:1140)
	at org.testng.TestNG.run(TestNG.java:1048)
	at org.testng.remote.AbstractRemoteTestNG.run(AbstractRemoteTestNG.java:132)
	at org.testng.remote.RemoteTestNG.initAndRun(RemoteTestNG.java:236)
	at org.testng.remote.RemoteTestNG.main(RemoteTestNG.java:81)
]]>
            </full-stacktrace>
          </exception> <!-- org.openqa.selenium.TimeoutException -->
          <reporter-output>
            <line>
              <![CDATA[Completed executing following method : BOPIS_CSROrder.CSR_Order]]>
            </line>
            <line>
              <![CDATA[Test Method resides in tests.BOPIS_CSROrder]]>
            </line>
            <line>
              <![CDATA[Test Status: Skipped]]>
            </line>
            <line>
              <![CDATA[About to begin executing following method : BOPIS_CSROrder.Screenshots]]>
            </line>
          </reporter-output>
        </test-method> <!-- CSR_Order -->
        <test-method status="FAIL" signature="Screenshots()[pri:0, instance:tests.BOPIS_CSROrder@490ab905]" name="Screenshots" is-config="true" duration-ms="0" started-at="2017-11-08T12:39:24Z" finished-at="2017-11-08T12:39:24Z">
          <exception class="java.lang.NullPointerException">
            <full-stacktrace>
              <![CDATA[java.lang.NullPointerException
	at utilities.GenericFunctions.Capture_Screenshot(GenericFunctions.java:84)
	at tests.BOPIS_CSROrder.Screenshots(BOPIS_CSROrder.java:200)
	at sun.reflect.NativeMethodAccessorImpl.invoke0(Native Method)
	at sun.reflect.NativeMethodAccessorImpl.invoke(NativeMethodAccessorImpl.java:62)
	at sun.reflect.DelegatingMethodAccessorImpl.invoke(DelegatingMethodAccessorImpl.java:43)
	at java.lang.reflect.Method.invoke(Method.java:498)
	at org.testng.internal.MethodInvocationHelper.invokeMethod(MethodInvocationHelper.java:85)
	at org.testng.internal.Invoker.invokeConfigurationMethod(Invoker.java:510)
	at org.testng.internal.Invoker.invokeConfigurations(Invoker.java:211)
	at org.testng.internal.Invoker.invokeMethod(Invoker.java:703)
	at org.testng.internal.Invoker.invokeTestMethod(Invoker.java:816)
	at org.testng.internal.Invoker.invokeTestMethods(Invoker.java:1124)
	at org.testng.internal.TestMethodWorker.invokeTestMethods(TestMethodWorker.java:125)
	at org.testng.internal.TestMethodWorker.run(TestMethodWorker.java:108)
	at org.testng.TestRunner.privateRun(TestRunner.java:774)
	at org.testng.TestRunner.run(TestRunner.java:624)
	at org.testng.SuiteRunner.runTest(SuiteRunner.java:359)
	at org.testng.SuiteRunner.runSequentially(SuiteRunner.java:354)
	at org.testng.SuiteRunner.privateRun(SuiteRunner.java:312)
	at org.testng.SuiteRunner.run(SuiteRunner.java:261)
	at org.testng.SuiteRunnerWorker.runSuite(SuiteRunnerWorker.java:52)
	at org.testng.SuiteRunnerWorker.run(SuiteRunnerWorker.java:86)
	at org.testng.TestNG.runSuitesSequentially(TestNG.java:1215)
	at org.testng.TestNG.runSuitesLocally(TestNG.java:1140)
	at org.testng.TestNG.run(TestNG.java:1048)
	at org.testng.remote.AbstractRemoteTestNG.run(AbstractRemoteTestNG.java:132)
	at org.testng.remote.RemoteTestNG.initAndRun(RemoteTestNG.java:236)
	at org.testng.remote.RemoteTestNG.main(RemoteTestNG.java:81)
]]>
            </full-stacktrace>
          </exception> <!-- java.lang.NullPointerException -->
          <reporter-output>
            <line>
              <![CDATA[Completed executing following method : BOPIS_CSROrder.Screenshots]]>
            </line>
          </reporter-output>
        </test-method> <!-- Screenshots -->
        <test-method status="SKIP" signature="CSR_Order()[pri:0, instance:tests.BOPIS_CSROrder@490ab905]" name="CSR_Order" duration-ms="1" started-at="2017-11-08T12:39:25Z" finished-at="2017-11-08T12:39:25Z">
          <reporter-output>
          </reporter-output>
        </test-method> <!-- CSR_Order -->
        <test-method status="SKIP" signature="Screenshots()[pri:0, instance:tests.BOPIS_CSROrder@490ab905]" name="Screenshots" is-config="true" duration-ms="0" started-at="2017-11-08T12:39:25Z" finished-at="2017-11-08T12:39:25Z">
          <reporter-output>
          </reporter-output>
        </test-method> <!-- Screenshots -->
        <test-method status="SKIP" signature="teardown()[pri:0, instance:tests.BOPIS_CSROrder@490ab905]" name="teardown" is-config="true" duration-ms="0" started-at="2017-11-08T12:39:25Z" finished-at="2017-11-08T12:39:25Z">
          <reporter-output>
          </reporter-output>
        </test-method> <!-- teardown -->
      </class> <!-- tests.BOPIS_CSROrder -->
      <class name="tests.SFS_CSROrder">
        <test-method status="PASS" signature="Setup()[pri:0, instance:tests.SFS_CSROrder@1e397ed7]" name="Setup" is-config="true" duration-ms="2561" started-at="2017-11-08T12:26:16Z" finished-at="2017-11-08T12:26:19Z">
          <reporter-output>
            <line>
              <![CDATA[Completed executing following method : SFS_CSROrder.Setup]]>
            </line>
          </reporter-output>
        </test-method> <!-- Setup -->
        <test-method status="PASS" signature="CSR_Order()[pri:0, instance:tests.SFS_CSROrder@1e397ed7]" name="CSR_Order" duration-ms="91359" started-at="2017-11-08T12:26:19Z" finished-at="2017-11-08T12:27:50Z">
          <reporter-output>
            <line>
              <![CDATA[Completed executing following method : SFS_CSROrder.CSR_Order]]>
            </line>
            <line>
              <![CDATA[Test Method resides in tests.SFS_CSROrder]]>
            </line>
            <line>
              <![CDATA[Test Status: Pass]]>
            </line>
            <line>
              <![CDATA[About to begin executing following method : SFS_CSROrder.Screenshots]]>
            </line>
          </reporter-output>
        </test-method> <!-- CSR_Order -->
        <test-method status="FAIL" signature="Screenshots()[pri:0, instance:tests.SFS_CSROrder@1e397ed7]" name="Screenshots" is-config="true" duration-ms="0" started-at="2017-11-08T12:27:50Z" finished-at="2017-11-08T12:27:50Z">
          <exception class="java.lang.NullPointerException">
            <full-stacktrace>
              <![CDATA[java.lang.NullPointerException
	at utilities.GenericFunctions.Capture_Screenshot(GenericFunctions.java:84)
	at tests.SFS_CSROrder.Screenshots(SFS_CSROrder.java:188)
	at sun.reflect.NativeMethodAccessorImpl.invoke0(Native Method)
	at sun.reflect.NativeMethodAccessorImpl.invoke(NativeMethodAccessorImpl.java:62)
	at sun.reflect.DelegatingMethodAccessorImpl.invoke(DelegatingMethodAccessorImpl.java:43)
	at java.lang.reflect.Method.invoke(Method.java:498)
	at org.testng.internal.MethodInvocationHelper.invokeMethod(MethodInvocationHelper.java:85)
	at org.testng.internal.Invoker.invokeConfigurationMethod(Invoker.java:510)
	at org.testng.internal.Invoker.invokeConfigurations(Invoker.java:211)
	at org.testng.internal.Invoker.invokeMethod(Invoker.java:703)
	at org.testng.internal.Invoker.invokeTestMethod(Invoker.java:816)
	at org.testng.internal.Invoker.invokeTestMethods(Invoker.java:1124)
	at org.testng.internal.TestMethodWorker.invokeTestMethods(TestMethodWorker.java:125)
	at org.testng.internal.TestMethodWorker.run(TestMethodWorker.java:108)
	at org.testng.TestRunner.privateRun(TestRunner.java:774)
	at org.testng.TestRunner.run(TestRunner.java:624)
	at org.testng.SuiteRunner.runTest(SuiteRunner.java:359)
	at org.testng.SuiteRunner.runSequentially(SuiteRunner.java:354)
	at org.testng.SuiteRunner.privateRun(SuiteRunner.java:312)
	at org.testng.SuiteRunner.run(SuiteRunner.java:261)
	at org.testng.SuiteRunnerWorker.runSuite(SuiteRunnerWorker.java:52)
	at org.testng.SuiteRunnerWorker.run(SuiteRunnerWorker.java:86)
	at org.testng.TestNG.runSuitesSequentially(TestNG.java:1215)
	at org.testng.TestNG.runSuitesLocally(TestNG.java:1140)
	at org.testng.TestNG.run(TestNG.java:1048)
	at org.testng.remote.AbstractRemoteTestNG.run(AbstractRemoteTestNG.java:132)
	at org.testng.remote.RemoteTestNG.initAndRun(RemoteTestNG.java:236)
	at org.testng.remote.RemoteTestNG.main(RemoteTestNG.java:81)
]]>
            </full-stacktrace>
          </exception> <!-- java.lang.NullPointerException -->
          <reporter-output>
            <line>
              <![CDATA[Completed executing following method : SFS_CSROrder.Screenshots]]>
            </line>
          </reporter-output>
        </test-method> <!-- Screenshots -->
        <test-method status="SKIP" signature="teardown()[pri:0, instance:tests.SFS_CSROrder@1e397ed7]" name="teardown" is-config="true" duration-ms="0" started-at="2017-11-08T12:27:51Z" finished-at="2017-11-08T12:27:51Z">
          <reporter-output>
          </reporter-output>
        </test-method> <!-- teardown -->
      </class> <!-- tests.SFS_CSROrder -->
    </test> <!-- Test -->
  </suite> <!-- Suite -->
</testng-results>
