<?xml version="1.0" encoding="UTF-8"?>
<testng-results skipped="0" failed="0" total="1" passed="1">
  <reporter-output>
  </reporter-output>
  <suite name="Default suite" duration-ms="125447" started-at="2017-12-14T20:46:46Z" finished-at="2017-12-14T20:48:51Z">
    <groups>
    </groups>
    <test name="Default test" duration-ms="125447" started-at="2017-12-14T20:46:46Z" finished-at="2017-12-14T20:48:51Z">
      <class name="tests.STS_RemorseCancelEntireOrder">
        <test-method status="PASS" signature="Setup()[pri:0, instance:tests.STS_RemorseCancelEntireOrder@6500df86]" name="Setup" is-config="true" duration-ms="2626" started-at="2017-12-14T15:46:46Z" finished-at="2017-12-14T15:46:48Z">
          <reporter-output>
          </reporter-output>
        </test-method> <!-- Setup -->
        <test-method status="PASS" signature="CSR_RemorseCancel()[pri:0, instance:tests.STS_RemorseCancelEntireOrder@6500df86]" name="CSR_RemorseCancel" duration-ms="119003" started-at="2017-12-14T15:46:48Z" finished-at="2017-12-14T15:48:47Z">
          <reporter-output>
          </reporter-output>
        </test-method> <!-- CSR_RemorseCancel -->
        <test-method status="PASS" signature="Capture_Screenshot(org.testng.ITestResult)[pri:0, instance:tests.STS_RemorseCancelEntireOrder@6500df86]" name="Capture_Screenshot" is-config="true" duration-ms="375" started-at="2017-12-14T15:48:47Z" finished-at="2017-12-14T15:48:48Z">
          <params>
            <param index="0">
              <value>
                <![CDATA[[TestResult name=CSR_RemorseCancel status=SUCCESS method=STS_RemorseCancelEntireOrder.CSR_RemorseCancel()[pri:0, instance:tests.STS_RemorseCancelEntireOrder@6500df86] output={null}]]]>
              </value>
            </param>
          </params>
          <reporter-output>
          </reporter-output>
        </test-method> <!-- Capture_Screenshot -->
        <test-method status="PASS" signature="teardown()[pri:0, instance:tests.STS_RemorseCancelEntireOrder@6500df86]" name="teardown" is-config="true" duration-ms="3426" started-at="2017-12-14T15:48:48Z" finished-at="2017-12-14T15:48:51Z">
          <reporter-output>
          </reporter-output>
        </test-method> <!-- teardown -->
      </class> <!-- tests.STS_RemorseCancelEntireOrder -->
    </test> <!-- Default test -->
  </suite> <!-- Default suite -->
</testng-results>
