<?xml version="1.0" encoding="UTF-8"?>
<testng-results skipped="0" failed="0" total="1" passed="1">
  <reporter-output>
  </reporter-output>
  <suite name="Default suite" duration-ms="94437" started-at="2017-12-14T19:12:36Z" finished-at="2017-12-14T19:14:10Z">
    <groups>
    </groups>
    <test name="Default test" duration-ms="94437" started-at="2017-12-14T19:12:36Z" finished-at="2017-12-14T19:14:10Z">
      <class name="tests.STH_AppeasementAtOrderCreation">
        <test-method status="PASS" signature="Setup()[pri:0, instance:tests.STH_AppeasementAtOrderCreation@3fee9989]" name="Setup" is-config="true" duration-ms="2535" started-at="2017-12-14T14:12:36Z" finished-at="2017-12-14T14:12:38Z">
          <reporter-output>
          </reporter-output>
        </test-method> <!-- Setup -->
        <test-method status="PASS" signature="CSR_Order()[pri:0, instance:tests.STH_AppeasementAtOrderCreation@3fee9989]" name="CSR_Order" duration-ms="91889" started-at="2017-12-14T14:12:38Z" finished-at="2017-12-14T14:14:10Z">
          <reporter-output>
          </reporter-output>
        </test-method> <!-- CSR_Order -->
      </class> <!-- tests.STH_AppeasementAtOrderCreation -->
    </test> <!-- Default test -->
  </suite> <!-- Default suite -->
</testng-results>
