<?xml version="1.0" encoding="UTF-8"?>
<testng-results skipped="0" failed="0" total="1" passed="1">
  <reporter-output>
  </reporter-output>
  <suite name="Default suite" duration-ms="130309" started-at="2017-11-09T16:40:26Z" finished-at="2017-11-09T16:42:37Z">
    <groups>
    </groups>
    <test name="Default test" duration-ms="130309" started-at="2017-11-09T16:40:26Z" finished-at="2017-11-09T16:42:37Z">
      <class name="tests.BOPIS_CSROrder">
        <test-method status="PASS" signature="Setup()[pri:0, instance:tests.BOPIS_CSROrder@7085bdee]" name="Setup" is-config="true" duration-ms="2498" started-at="2017-11-09T11:40:27Z" finished-at="2017-11-09T11:40:29Z">
          <reporter-output>
          </reporter-output>
        </test-method> <!-- Setup -->
        <test-method status="PASS" signature="CSR_Order()[pri:0, instance:tests.BOPIS_CSROrder@7085bdee]" name="CSR_Order" duration-ms="126194" started-at="2017-11-09T11:40:29Z" finished-at="2017-11-09T11:42:35Z">
          <reporter-output>
          </reporter-output>
        </test-method> <!-- CSR_Order -->
        <test-method status="PASS" signature="Capture_Screenshot(org.testng.ITestResult)[pri:0, instance:tests.BOPIS_CSROrder@7085bdee]" name="Capture_Screenshot" is-config="true" duration-ms="300" started-at="2017-11-09T11:42:35Z" finished-at="2017-11-09T11:42:36Z">
          <params>
            <param index="0">
              <value>
                <![CDATA[[TestResult name=CSR_Order status=SUCCESS method=BOPIS_CSROrder.CSR_Order()[pri:0, instance:tests.BOPIS_CSROrder@7085bdee] output={null}]]]>
              </value>
            </param>
          </params>
          <reporter-output>
          </reporter-output>
        </test-method> <!-- Capture_Screenshot -->
        <test-method status="PASS" signature="teardown()[pri:0, instance:tests.BOPIS_CSROrder@7085bdee]" name="teardown" is-config="true" duration-ms="1298" started-at="2017-11-09T11:42:36Z" finished-at="2017-11-09T11:42:37Z">
          <reporter-output>
          </reporter-output>
        </test-method> <!-- teardown -->
      </class> <!-- tests.BOPIS_CSROrder -->
    </test> <!-- Default test -->
  </suite> <!-- Default suite -->
</testng-results>
