<?xml version="1.0" encoding="UTF-8"?>
<testng-results skipped="3" failed="0" total="7" passed="4">
  <reporter-output>
    <line>
      <![CDATA[About to begin executing Suite Suite]]>
    </line>
    <line>
      <![CDATA[About to begin executing Test Test]]>
    </line>
    <line>
      <![CDATA[About to begin executing following method : SFS_CSROrder.Setup]]>
    </line>
    <line>
      <![CDATA[About to begin executing following method : STS_SLMQ_Visa.Setup]]>
    </line>
    <line>
      <![CDATA[About to begin executing following method : STS_RemorseCancelEntireOrder.Setup]]>
    </line>
    <line>
      <![CDATA[About to begin executing following method : BOPIS_CSROrder.Setup]]>
    </line>
    <line>
      <![CDATA[About to begin executing following method : STS_CSROrder.Setup]]>
    </line>
    <line>
      <![CDATA[Completed executing following method : SFS_CSROrder.Setup]]>
    </line>
    <line>
      <![CDATA[About to begin executing Suite Suite]]>
    </line>
    <line>
      <![CDATA[About to begin executing Test Test]]>
    </line>
    <line>
      <![CDATA[About to begin executing following method : SFS_CSROrder.Setup]]>
    </line>
    <line>
      <![CDATA[About to begin executing following method : STS_SLMQ_Visa.Setup]]>
    </line>
    <line>
      <![CDATA[About to begin executing following method : STS_RemorseCancelEntireOrder.Setup]]>
    </line>
    <line>
      <![CDATA[About to begin executing following method : BOPIS_CSROrder.Setup]]>
    </line>
    <line>
      <![CDATA[About to begin executing following method : STS_CSROrder.Setup]]>
    </line>
    <line>
      <![CDATA[Completed executing following method : STS_SLMQ_Visa.Setup]]>
    </line>
    <line>
      <![CDATA[About to begin executing Suite Suite]]>
    </line>
    <line>
      <![CDATA[About to begin executing Test Test]]>
    </line>
    <line>
      <![CDATA[About to begin executing following method : SFS_CSROrder.Setup]]>
    </line>
    <line>
      <![CDATA[About to begin executing following method : STS_SLMQ_Visa.Setup]]>
    </line>
    <line>
      <![CDATA[About to begin executing following method : STS_RemorseCancelEntireOrder.Setup]]>
    </line>
    <line>
      <![CDATA[About to begin executing following method : BOPIS_CSROrder.Setup]]>
    </line>
    <line>
      <![CDATA[About to begin executing following method : STS_CSROrder.Setup]]>
    </line>
    <line>
      <![CDATA[Completed executing following method : BOPIS_CSROrder.Setup]]>
    </line>
    <line>
      <![CDATA[About to begin executing Suite Suite]]>
    </line>
    <line>
      <![CDATA[About to begin executing Test Test]]>
    </line>
    <line>
      <![CDATA[About to begin executing following method : SFS_CSROrder.Setup]]>
    </line>
    <line>
      <![CDATA[About to begin executing following method : STS_SLMQ_Visa.Setup]]>
    </line>
    <line>
      <![CDATA[About to begin executing following method : STS_RemorseCancelEntireOrder.Setup]]>
    </line>
    <line>
      <![CDATA[About to begin executing following method : BOPIS_CSROrder.Setup]]>
    </line>
    <line>
      <![CDATA[About to begin executing following method : STS_CSROrder.Setup]]>
    </line>
    <line>
      <![CDATA[Completed executing following method : STS_RemorseCancelEntireOrder.Setup]]>
    </line>
    <line>
      <![CDATA[About to begin executing Suite Suite]]>
    </line>
    <line>
      <![CDATA[About to begin executing Test Test]]>
    </line>
    <line>
      <![CDATA[About to begin executing following method : SFS_CSROrder.Setup]]>
    </line>
    <line>
      <![CDATA[About to begin executing following method : STS_SLMQ_Visa.Setup]]>
    </line>
    <line>
      <![CDATA[About to begin executing following method : STS_RemorseCancelEntireOrder.Setup]]>
    </line>
    <line>
      <![CDATA[About to begin executing following method : BOPIS_CSROrder.Setup]]>
    </line>
    <line>
      <![CDATA[About to begin executing following method : STS_CSROrder.Setup]]>
    </line>
    <line>
      <![CDATA[Completed executing following method : STS_CSROrder.Setup]]>
    </line>
    <line>
      <![CDATA[About to begin executing following method : STS_RemorseCancelEntireOrder.CSR_RemorseCancel]]>
    </line>
    <line>
      <![CDATA[Completed executing following method : STS_RemorseCancelEntireOrder.CSR_RemorseCancel]]>
    </line>
    <line>
      <![CDATA[Test Method resides in tests.STS_RemorseCancelEntireOrder]]>
    </line>
    <line>
      <![CDATA[Test Status: Skipped]]>
    </line>
    <line>
      <![CDATA[About to begin executing following method : STS_RemorseCancelEntireOrder.Capture_Screenshot]]>
    </line>
    <line>
      <![CDATA[Completed executing following method : STS_RemorseCancelEntireOrder.Capture_Screenshot]]>
    </line>
    <line>
      <![CDATA[About to begin executing following method : STS_RemorseCancelEntireOrder.CSR_RemorseCancel]]>
    </line>
    <line>
      <![CDATA[Completed executing following method : STS_RemorseCancelEntireOrder.CSR_RemorseCancel]]>
    </line>
    <line>
      <![CDATA[Test Method resides in tests.STS_RemorseCancelEntireOrder]]>
    </line>
    <line>
      <![CDATA[Test Status: Skipped]]>
    </line>
    <line>
      <![CDATA[About to begin executing following method : STS_RemorseCancelEntireOrder.Capture_Screenshot]]>
    </line>
    <line>
      <![CDATA[Completed executing following method : STS_RemorseCancelEntireOrder.Capture_Screenshot]]>
    </line>
    <line>
      <![CDATA[About to begin executing following method : STS_RemorseCancelEntireOrder.CSR_RemorseCancel]]>
    </line>
    <line>
      <![CDATA[Completed executing following method : STS_RemorseCancelEntireOrder.CSR_RemorseCancel]]>
    </line>
    <line>
      <![CDATA[Test Method resides in tests.STS_RemorseCancelEntireOrder]]>
    </line>
    <line>
      <![CDATA[Test Status: Skipped]]>
    </line>
    <line>
      <![CDATA[About to begin executing following method : STS_RemorseCancelEntireOrder.Capture_Screenshot]]>
    </line>
    <line>
      <![CDATA[Completed executing following method : STS_RemorseCancelEntireOrder.Capture_Screenshot]]>
    </line>
    <line>
      <![CDATA[About to begin executing following method : STS_RemorseCancelEntireOrder.teardown]]>
    </line>
    <line>
      <![CDATA[Completed executing following method : STS_RemorseCancelEntireOrder.teardown]]>
    </line>
    <line>
      <![CDATA[About to begin executing following method : STS_CSROrder.CSR_Order]]>
    </line>
    <line>
      <![CDATA[Completed executing following method : STS_CSROrder.CSR_Order]]>
    </line>
    <line>
      <![CDATA[Test Method resides in tests.STS_CSROrder]]>
    </line>
    <line>
      <![CDATA[Test Status: Pass]]>
    </line>
    <line>
      <![CDATA[About to begin executing following method : STS_CSROrder.Capture_Screenshot]]>
    </line>
    <line>
      <![CDATA[Completed executing following method : STS_CSROrder.Capture_Screenshot]]>
    </line>
    <line>
      <![CDATA[About to begin executing following method : BOPIS_CSROrder.CSR_Order]]>
    </line>
    <line>
      <![CDATA[Completed executing following method : BOPIS_CSROrder.CSR_Order]]>
    </line>
    <line>
      <![CDATA[Test Method resides in tests.BOPIS_CSROrder]]>
    </line>
    <line>
      <![CDATA[Test Status: Pass]]>
    </line>
    <line>
      <![CDATA[About to begin executing following method : BOPIS_CSROrder.Capture_Screenshot]]>
    </line>
    <line>
      <![CDATA[About to begin executing following method : STS_CSROrder.teardown]]>
    </line>
    <line>
      <![CDATA[Completed executing following method : STS_CSROrder.teardown]]>
    </line>
    <line>
      <![CDATA[Completed executing following method : BOPIS_CSROrder.Capture_Screenshot]]>
    </line>
    <line>
      <![CDATA[About to begin executing following method : BOPIS_CSROrder.teardown]]>
    </line>
    <line>
      <![CDATA[Completed executing following method : BOPIS_CSROrder.teardown]]>
    </line>
    <line>
      <![CDATA[About to begin executing following method : SFS_CSROrder.CSR_Order]]>
    </line>
    <line>
      <![CDATA[Completed executing following method : SFS_CSROrder.CSR_Order]]>
    </line>
    <line>
      <![CDATA[Test Method resides in tests.SFS_CSROrder]]>
    </line>
    <line>
      <![CDATA[Test Status: Pass]]>
    </line>
    <line>
      <![CDATA[About to begin executing following method : SFS_CSROrder.Capture_Screenshot]]>
    </line>
    <line>
      <![CDATA[Completed executing following method : SFS_CSROrder.Capture_Screenshot]]>
    </line>
    <line>
      <![CDATA[About to begin executing following method : SFS_CSROrder.teardown]]>
    </line>
    <line>
      <![CDATA[Completed executing following method : SFS_CSROrder.teardown]]>
    </line>
    <line>
      <![CDATA[About to begin executing following method : STS_SLMQ_Visa.CSR_STS_SLMQ_Visa]]>
    </line>
    <line>
      <![CDATA[Completed executing following method : STS_SLMQ_Visa.CSR_STS_SLMQ_Visa]]>
    </line>
    <line>
      <![CDATA[Test Method resides in tests.STS_SLMQ_Visa]]>
    </line>
    <line>
      <![CDATA[Test Status: Pass]]>
    </line>
    <line>
      <![CDATA[About to begin executing following method : STS_SLMQ_Visa.Capture_Screenshot]]>
    </line>
    <line>
      <![CDATA[Completed executing following method : STS_SLMQ_Visa.Capture_Screenshot]]>
    </line>
    <line>
      <![CDATA[About to begin executing following method : STS_SLMQ_Visa.teardown]]>
    </line>
    <line>
      <![CDATA[Completed executing following method : STS_SLMQ_Visa.teardown]]>
    </line>
  </reporter-output>
  <suite name="Suite" duration-ms="152263" started-at="2017-12-18T20:34:20Z" finished-at="2017-12-18T20:36:53Z">
    <groups>
    </groups>
    <test name="Test" duration-ms="152263" started-at="2017-12-18T20:34:20Z" finished-at="2017-12-18T20:36:53Z">
      <class name="tests.STS_CSROrder">
        <test-method status="PASS" signature="Setup()[pri:0, instance:tests.STS_CSROrder@5f2108b5]" name="Setup" is-config="true" duration-ms="6117" started-at="2017-12-18T15:34:20Z" finished-at="2017-12-18T15:34:26Z">
          <reporter-output>
            <line>
              <![CDATA[Completed executing following method : STS_CSROrder.Setup]]>
            </line>
          </reporter-output>
        </test-method> <!-- Setup -->
        <test-method status="PASS" signature="CSR_Order()[pri:0, instance:tests.STS_CSROrder@5f2108b5]" name="CSR_Order" duration-ms="123174" started-at="2017-12-18T15:34:26Z" finished-at="2017-12-18T15:36:30Z">
          <reporter-output>
            <line>
              <![CDATA[Completed executing following method : STS_CSROrder.CSR_Order]]>
            </line>
            <line>
              <![CDATA[Test Method resides in tests.STS_CSROrder]]>
            </line>
            <line>
              <![CDATA[Test Status: Pass]]>
            </line>
            <line>
              <![CDATA[About to begin executing following method : STS_CSROrder.Capture_Screenshot]]>
            </line>
          </reporter-output>
        </test-method> <!-- CSR_Order -->
        <test-method status="PASS" signature="Capture_Screenshot(org.testng.ITestResult)[pri:0, instance:tests.STS_CSROrder@5f2108b5]" name="Capture_Screenshot" is-config="true" duration-ms="2403" started-at="2017-12-18T15:36:30Z" finished-at="2017-12-18T15:36:32Z">
          <params>
            <param index="0">
              <value>
                <![CDATA[[TestResult name=CSR_Order status=SUCCESS method=STS_CSROrder.CSR_Order()[pri:0, instance:tests.STS_CSROrder@5f2108b5] output=Completed executing following method : STS_CSROrder.CSR_Order]]]>
              </value>
            </param>
          </params>
          <reporter-output>
            <line>
              <![CDATA[Completed executing following method : STS_CSROrder.Capture_Screenshot]]>
            </line>
          </reporter-output>
        </test-method> <!-- Capture_Screenshot -->
        <test-method status="PASS" signature="teardown()[pri:0, instance:tests.STS_CSROrder@5f2108b5]" name="teardown" is-config="true" duration-ms="3091" started-at="2017-12-18T15:36:32Z" finished-at="2017-12-18T15:36:35Z">
          <reporter-output>
            <line>
              <![CDATA[Completed executing following method : STS_CSROrder.teardown]]>
            </line>
          </reporter-output>
        </test-method> <!-- teardown -->
      </class> <!-- tests.STS_CSROrder -->
      <class name="tests.STS_RemorseCancelEntireOrder">
        <test-method status="PASS" signature="Setup()[pri:0, instance:tests.STS_RemorseCancelEntireOrder@31a5c39e]" name="Setup" is-config="true" duration-ms="4704" started-at="2017-12-18T15:34:20Z" finished-at="2017-12-18T15:34:25Z">
          <reporter-output>
            <line>
              <![CDATA[Completed executing following method : STS_RemorseCancelEntireOrder.Setup]]>
            </line>
          </reporter-output>
        </test-method> <!-- Setup -->
        <test-method status="SKIP" signature="CSR_RemorseCancel()[pri:0, instance:tests.STS_RemorseCancelEntireOrder@31a5c39e]" name="CSR_RemorseCancel" duration-ms="80292" started-at="2017-12-18T15:34:25Z" finished-at="2017-12-18T15:35:45Z">
          <exception class="org.openqa.selenium.ElementNotVisibleException">
            <message>
              <![CDATA[element not visible
  (Session info: chrome=63.0.3239.84)
  (Driver info: chromedriver=2.33.506120 (e3e53437346286c0bc2d2dc9aa4915ba81d9023f),platform=Windows NT 6.1.7601 SP1 x86_64) (WARNING: The server did not provide any stacktrace information)
Command duration or timeout: 28 milliseconds
Build info: version: '2.53.1', revision: 'a36b8b1cd5757287168e54b817830adce9b0158d', time: '2016-06-30 19:26:09'
System info: host: 'EXPLTDC1PBT8H4W', ip: '172.26.218.167', os.name: 'Windows 7', os.arch: 'amd64', os.version: '6.1', java.version: '1.8.0_101'
Driver info: org.openqa.selenium.chrome.ChromeDriver
Capabilities [{applicationCacheEnabled=false, rotatable=false, mobileEmulationEnabled=false, networkConnectionEnabled=false, chrome={chromedriverVersion=2.33.506120 (e3e53437346286c0bc2d2dc9aa4915ba81d9023f), userDataDir=C:\Users\hnanjala\AppData\Local\Temp\scoped_dir7884_9440}, takesHeapSnapshot=true, pageLoadStrategy=normal, databaseEnabled=false, handlesAlerts=true, hasTouchScreen=false, version=63.0.3239.84, platform=XP, browserConnectionEnabled=false, nativeEvents=true, acceptSslCerts=true, locationContextEnabled=true, webStorageEnabled=true, browserName=chrome, takesScreenshot=true, javascriptEnabled=true, cssSelectorsEnabled=true, setWindowRect=true, unexpectedAlertBehaviour=}]
Session ID: 852634eae9aff672cd226453d292b5ab]]>
            </message>
            <full-stacktrace>
              <![CDATA[org.openqa.selenium.ElementNotVisibleException: element not visible
  (Session info: chrome=63.0.3239.84)
  (Driver info: chromedriver=2.33.506120 (e3e53437346286c0bc2d2dc9aa4915ba81d9023f),platform=Windows NT 6.1.7601 SP1 x86_64) (WARNING: The server did not provide any stacktrace information)
Command duration or timeout: 28 milliseconds
Build info: version: '2.53.1', revision: 'a36b8b1cd5757287168e54b817830adce9b0158d', time: '2016-06-30 19:26:09'
System info: host: 'EXPLTDC1PBT8H4W', ip: '172.26.218.167', os.name: 'Windows 7', os.arch: 'amd64', os.version: '6.1', java.version: '1.8.0_101'
Driver info: org.openqa.selenium.chrome.ChromeDriver
Capabilities [{applicationCacheEnabled=false, rotatable=false, mobileEmulationEnabled=false, networkConnectionEnabled=false, chrome={chromedriverVersion=2.33.506120 (e3e53437346286c0bc2d2dc9aa4915ba81d9023f), userDataDir=C:\Users\hnanjala\AppData\Local\Temp\scoped_dir7884_9440}, takesHeapSnapshot=true, pageLoadStrategy=normal, databaseEnabled=false, handlesAlerts=true, hasTouchScreen=false, version=63.0.3239.84, platform=XP, browserConnectionEnabled=false, nativeEvents=true, acceptSslCerts=true, locationContextEnabled=true, webStorageEnabled=true, browserName=chrome, takesScreenshot=true, javascriptEnabled=true, cssSelectorsEnabled=true, setWindowRect=true, unexpectedAlertBehaviour=}]
Session ID: 852634eae9aff672cd226453d292b5ab
	at sun.reflect.NativeConstructorAccessorImpl.newInstance0(Native Method)
	at sun.reflect.NativeConstructorAccessorImpl.newInstance(NativeConstructorAccessorImpl.java:62)
	at sun.reflect.DelegatingConstructorAccessorImpl.newInstance(DelegatingConstructorAccessorImpl.java:45)
	at java.lang.reflect.Constructor.newInstance(Constructor.java:423)
	at org.openqa.selenium.remote.ErrorHandler.createThrowable(ErrorHandler.java:206)
	at org.openqa.selenium.remote.ErrorHandler.throwIfResponseFailed(ErrorHandler.java:158)
	at org.openqa.selenium.remote.RemoteWebDriver.execute(RemoteWebDriver.java:678)
	at org.openqa.selenium.remote.RemoteWebElement.execute(RemoteWebElement.java:327)
	at org.openqa.selenium.remote.RemoteWebElement.click(RemoteWebElement.java:85)
	at utilities.AppGenericFunctions.ProceedToPaymentAndPayWithAmex(AppGenericFunctions.java:86)
	at tests.STS_RemorseCancelEntireOrder.CSR_RemorseCancel(STS_RemorseCancelEntireOrder.java:95)
	at sun.reflect.NativeMethodAccessorImpl.invoke0(Native Method)
	at sun.reflect.NativeMethodAccessorImpl.invoke(NativeMethodAccessorImpl.java:62)
	at sun.reflect.DelegatingMethodAccessorImpl.invoke(DelegatingMethodAccessorImpl.java:43)
	at java.lang.reflect.Method.invoke(Method.java:498)
	at org.testng.internal.MethodInvocationHelper.invokeMethod(MethodInvocationHelper.java:85)
	at org.testng.internal.Invoker.invokeMethod(Invoker.java:639)
	at org.testng.internal.Invoker.invokeTestMethod(Invoker.java:816)
	at org.testng.internal.Invoker.invokeTestMethods(Invoker.java:1124)
	at org.testng.internal.TestMethodWorker.invokeTestMethods(TestMethodWorker.java:125)
	at org.testng.internal.TestMethodWorker.run(TestMethodWorker.java:108)
	at java.util.concurrent.ThreadPoolExecutor.runWorker(ThreadPoolExecutor.java:1142)
	at java.util.concurrent.ThreadPoolExecutor$Worker.run(ThreadPoolExecutor.java:617)
	at java.lang.Thread.run(Thread.java:745)
]]>
            </full-stacktrace>
          </exception> <!-- org.openqa.selenium.ElementNotVisibleException -->
          <reporter-output>
            <line>
              <![CDATA[Completed executing following method : STS_RemorseCancelEntireOrder.CSR_RemorseCancel]]>
            </line>
            <line>
              <![CDATA[Test Method resides in tests.STS_RemorseCancelEntireOrder]]>
            </line>
            <line>
              <![CDATA[Test Status: Skipped]]>
            </line>
            <line>
              <![CDATA[About to begin executing following method : STS_RemorseCancelEntireOrder.Capture_Screenshot]]>
            </line>
          </reporter-output>
        </test-method> <!-- CSR_RemorseCancel -->
        <test-method status="PASS" signature="Capture_Screenshot(org.testng.ITestResult)[pri:0, instance:tests.STS_RemorseCancelEntireOrder@31a5c39e]" name="Capture_Screenshot" is-config="true" duration-ms="2545" started-at="2017-12-18T15:35:45Z" finished-at="2017-12-18T15:35:48Z">
          <params>
            <param index="0">
              <value>
                <![CDATA[[TestResult name=CSR_RemorseCancel status=SKIP method=STS_RemorseCancelEntireOrder.CSR_RemorseCancel()[pri:0, instance:tests.STS_RemorseCancelEntireOrder@31a5c39e] output=Completed executing following method : STS_RemorseCancelEntireOrder.CSR_RemorseCancel]]]>
              </value>
            </param>
          </params>
          <reporter-output>
            <line>
              <![CDATA[Completed executing following method : STS_RemorseCancelEntireOrder.Capture_Screenshot]]>
            </line>
          </reporter-output>
        </test-method> <!-- Capture_Screenshot -->
        <test-method status="SKIP" signature="CSR_RemorseCancel()[pri:0, instance:tests.STS_RemorseCancelEntireOrder@31a5c39e]" name="CSR_RemorseCancel" duration-ms="5036" started-at="2017-12-18T15:35:48Z" finished-at="2017-12-18T15:35:53Z">
          <exception class="org.openqa.selenium.UnhandledAlertException">
            <message>
              <![CDATA[unexpected alert open: {Alert text : }
  (Session info: chrome=63.0.3239.84)
  (Driver info: chromedriver=2.33.506120 (e3e53437346286c0bc2d2dc9aa4915ba81d9023f),platform=Windows NT 6.1.7601 SP1 x86_64) (WARNING: The server did not provide any stacktrace information)
Command duration or timeout: 2 milliseconds: null
Build info: version: '2.53.1', revision: 'a36b8b1cd5757287168e54b817830adce9b0158d', time: '2016-06-30 19:26:09'
System info: host: 'EXPLTDC1PBT8H4W', ip: '172.26.218.167', os.name: 'Windows 7', os.arch: 'amd64', os.version: '6.1', java.version: '1.8.0_101'
Driver info: org.openqa.selenium.chrome.ChromeDriver
Capabilities [{applicationCacheEnabled=false, rotatable=false, mobileEmulationEnabled=false, networkConnectionEnabled=false, chrome={chromedriverVersion=2.33.506120 (e3e53437346286c0bc2d2dc9aa4915ba81d9023f), userDataDir=C:\Users\hnanjala\AppData\Local\Temp\scoped_dir7884_9440}, takesHeapSnapshot=true, pageLoadStrategy=normal, databaseEnabled=false, handlesAlerts=true, hasTouchScreen=false, version=63.0.3239.84, platform=XP, browserConnectionEnabled=false, nativeEvents=true, acceptSslCerts=true, locationContextEnabled=true, webStorageEnabled=true, browserName=chrome, takesScreenshot=true, javascriptEnabled=true, cssSelectorsEnabled=true, setWindowRect=true, unexpectedAlertBehaviour=}]
Session ID: 852634eae9aff672cd226453d292b5ab
*** Element info: {Using=id, value=textfield-1019-inputEl}]]>
            </message>
            <full-stacktrace>
              <![CDATA[org.openqa.selenium.UnhandledAlertException: unexpected alert open: {Alert text : }
  (Session info: chrome=63.0.3239.84)
  (Driver info: chromedriver=2.33.506120 (e3e53437346286c0bc2d2dc9aa4915ba81d9023f),platform=Windows NT 6.1.7601 SP1 x86_64) (WARNING: The server did not provide any stacktrace information)
Command duration or timeout: 2 milliseconds: null
Build info: version: '2.53.1', revision: 'a36b8b1cd5757287168e54b817830adce9b0158d', time: '2016-06-30 19:26:09'
System info: host: 'EXPLTDC1PBT8H4W', ip: '172.26.218.167', os.name: 'Windows 7', os.arch: 'amd64', os.version: '6.1', java.version: '1.8.0_101'
Driver info: org.openqa.selenium.chrome.ChromeDriver
Capabilities [{applicationCacheEnabled=false, rotatable=false, mobileEmulationEnabled=false, networkConnectionEnabled=false, chrome={chromedriverVersion=2.33.506120 (e3e53437346286c0bc2d2dc9aa4915ba81d9023f), userDataDir=C:\Users\hnanjala\AppData\Local\Temp\scoped_dir7884_9440}, takesHeapSnapshot=true, pageLoadStrategy=normal, databaseEnabled=false, handlesAlerts=true, hasTouchScreen=false, version=63.0.3239.84, platform=XP, browserConnectionEnabled=false, nativeEvents=true, acceptSslCerts=true, locationContextEnabled=true, webStorageEnabled=true, browserName=chrome, takesScreenshot=true, javascriptEnabled=true, cssSelectorsEnabled=true, setWindowRect=true, unexpectedAlertBehaviour=}]
Session ID: 852634eae9aff672cd226453d292b5ab
*** Element info: {Using=id, value=textfield-1019-inputEl}
	at sun.reflect.NativeConstructorAccessorImpl.newInstance0(Native Method)
	at sun.reflect.NativeConstructorAccessorImpl.newInstance(NativeConstructorAccessorImpl.java:62)
	at sun.reflect.DelegatingConstructorAccessorImpl.newInstance(DelegatingConstructorAccessorImpl.java:45)
	at java.lang.reflect.Constructor.newInstance(Constructor.java:423)
	at org.openqa.selenium.remote.ErrorHandler.createThrowable(ErrorHandler.java:206)
	at org.openqa.selenium.remote.ErrorHandler.throwIfResponseFailed(ErrorHandler.java:164)
	at org.openqa.selenium.remote.RemoteWebDriver.execute(RemoteWebDriver.java:678)
	at org.openqa.selenium.remote.RemoteWebDriver.findElement(RemoteWebDriver.java:363)
	at org.openqa.selenium.remote.RemoteWebDriver.findElementById(RemoteWebDriver.java:413)
	at org.openqa.selenium.By$ById.findElement(By.java:218)
	at org.openqa.selenium.remote.RemoteWebDriver.findElement(RemoteWebDriver.java:355)
	at utilities.AppGenericFunctions.Login_EOM(AppGenericFunctions.java:33)
	at tests.STS_RemorseCancelEntireOrder.CSR_RemorseCancel(STS_RemorseCancelEntireOrder.java:90)
	at sun.reflect.NativeMethodAccessorImpl.invoke0(Native Method)
	at sun.reflect.NativeMethodAccessorImpl.invoke(NativeMethodAccessorImpl.java:62)
	at sun.reflect.DelegatingMethodAccessorImpl.invoke(DelegatingMethodAccessorImpl.java:43)
	at java.lang.reflect.Method.invoke(Method.java:498)
	at org.testng.internal.MethodInvocationHelper.invokeMethod(MethodInvocationHelper.java:85)
	at org.testng.internal.Invoker.invokeMethod(Invoker.java:639)
	at org.testng.internal.Invoker.retryFailed(Invoker.java:963)
	at org.testng.internal.Invoker.invokeTestMethods(Invoker.java:1142)
	at org.testng.internal.TestMethodWorker.invokeTestMethods(TestMethodWorker.java:125)
	at org.testng.internal.TestMethodWorker.run(TestMethodWorker.java:108)
	at java.util.concurrent.ThreadPoolExecutor.runWorker(ThreadPoolExecutor.java:1142)
	at java.util.concurrent.ThreadPoolExecutor$Worker.run(ThreadPoolExecutor.java:617)
	at java.lang.Thread.run(Thread.java:745)
]]>
            </full-stacktrace>
          </exception> <!-- org.openqa.selenium.UnhandledAlertException -->
          <reporter-output>
            <line>
              <![CDATA[Completed executing following method : STS_RemorseCancelEntireOrder.CSR_RemorseCancel]]>
            </line>
            <line>
              <![CDATA[Test Method resides in tests.STS_RemorseCancelEntireOrder]]>
            </line>
            <line>
              <![CDATA[Test Status: Skipped]]>
            </line>
            <line>
              <![CDATA[About to begin executing following method : STS_RemorseCancelEntireOrder.Capture_Screenshot]]>
            </line>
          </reporter-output>
        </test-method> <!-- CSR_RemorseCancel -->
        <test-method status="FAIL" signature="Capture_Screenshot(org.testng.ITestResult)[pri:0, instance:tests.STS_RemorseCancelEntireOrder@31a5c39e]" name="Capture_Screenshot" is-config="true" duration-ms="0" started-at="2017-12-18T15:35:53Z" finished-at="2017-12-18T15:35:53Z">
          <params>
            <param index="0">
              <value>
                <![CDATA[[TestResult name=CSR_RemorseCancel status=SKIP method=STS_RemorseCancelEntireOrder.CSR_RemorseCancel()[pri:0, instance:tests.STS_RemorseCancelEntireOrder@31a5c39e] output=Completed executing following method : STS_RemorseCancelEntireOrder.CSR_RemorseCancel]]]>
              </value>
            </param>
          </params>
          <exception class="org.openqa.selenium.UnhandledAlertException">
            <message>
              <![CDATA[unexpected alert open: {Alert text : }
  (Session info: chrome=63.0.3239.84)
  (Driver info: chromedriver=2.33.506120 (e3e53437346286c0bc2d2dc9aa4915ba81d9023f),platform=Windows NT 6.1.7601 SP1 x86_64) (WARNING: The server did not provide any stacktrace information)
Command duration or timeout: 3 milliseconds: null
Build info: version: '2.53.1', revision: 'a36b8b1cd5757287168e54b817830adce9b0158d', time: '2016-06-30 19:26:09'
System info: host: 'EXPLTDC1PBT8H4W', ip: '172.26.218.167', os.name: 'Windows 7', os.arch: 'amd64', os.version: '6.1', java.version: '1.8.0_101'
Driver info: org.openqa.selenium.chrome.ChromeDriver
Capabilities [{applicationCacheEnabled=false, rotatable=false, mobileEmulationEnabled=false, networkConnectionEnabled=false, chrome={chromedriverVersion=2.33.506120 (e3e53437346286c0bc2d2dc9aa4915ba81d9023f), userDataDir=C:\Users\hnanjala\AppData\Local\Temp\scoped_dir7884_9440}, takesHeapSnapshot=true, pageLoadStrategy=normal, databaseEnabled=false, handlesAlerts=true, hasTouchScreen=false, version=63.0.3239.84, platform=XP, browserConnectionEnabled=false, nativeEvents=true, acceptSslCerts=true, locationContextEnabled=true, webStorageEnabled=true, browserName=chrome, takesScreenshot=true, javascriptEnabled=true, cssSelectorsEnabled=true, setWindowRect=true, unexpectedAlertBehaviour=}]
Session ID: 852634eae9aff672cd226453d292b5ab]]>
            </message>
            <full-stacktrace>
              <![CDATA[org.openqa.selenium.UnhandledAlertException: unexpected alert open: {Alert text : }
  (Session info: chrome=63.0.3239.84)
  (Driver info: chromedriver=2.33.506120 (e3e53437346286c0bc2d2dc9aa4915ba81d9023f),platform=Windows NT 6.1.7601 SP1 x86_64) (WARNING: The server did not provide any stacktrace information)
Command duration or timeout: 3 milliseconds: null
Build info: version: '2.53.1', revision: 'a36b8b1cd5757287168e54b817830adce9b0158d', time: '2016-06-30 19:26:09'
System info: host: 'EXPLTDC1PBT8H4W', ip: '172.26.218.167', os.name: 'Windows 7', os.arch: 'amd64', os.version: '6.1', java.version: '1.8.0_101'
Driver info: org.openqa.selenium.chrome.ChromeDriver
Capabilities [{applicationCacheEnabled=false, rotatable=false, mobileEmulationEnabled=false, networkConnectionEnabled=false, chrome={chromedriverVersion=2.33.506120 (e3e53437346286c0bc2d2dc9aa4915ba81d9023f), userDataDir=C:\Users\hnanjala\AppData\Local\Temp\scoped_dir7884_9440}, takesHeapSnapshot=true, pageLoadStrategy=normal, databaseEnabled=false, handlesAlerts=true, hasTouchScreen=false, version=63.0.3239.84, platform=XP, browserConnectionEnabled=false, nativeEvents=true, acceptSslCerts=true, locationContextEnabled=true, webStorageEnabled=true, browserName=chrome, takesScreenshot=true, javascriptEnabled=true, cssSelectorsEnabled=true, setWindowRect=true, unexpectedAlertBehaviour=}]
Session ID: 852634eae9aff672cd226453d292b5ab
	at sun.reflect.NativeConstructorAccessorImpl.newInstance0(Native Method)
	at sun.reflect.NativeConstructorAccessorImpl.newInstance(NativeConstructorAccessorImpl.java:62)
	at sun.reflect.DelegatingConstructorAccessorImpl.newInstance(DelegatingConstructorAccessorImpl.java:45)
	at java.lang.reflect.Constructor.newInstance(Constructor.java:423)
	at org.openqa.selenium.remote.ErrorHandler.createThrowable(ErrorHandler.java:206)
	at org.openqa.selenium.remote.ErrorHandler.throwIfResponseFailed(ErrorHandler.java:164)
	at org.openqa.selenium.remote.RemoteWebDriver.execute(RemoteWebDriver.java:678)
	at org.openqa.selenium.remote.RemoteWebDriver.execute(RemoteWebDriver.java:701)
	at org.openqa.selenium.remote.RemoteWebDriver.getScreenshotAs(RemoteWebDriver.java:335)
	at utilities.GenericFunctions.Capture_Screenshot(GenericFunctions.java:91)
	at tests.STS_RemorseCancelEntireOrder.Capture_Screenshot(STS_RemorseCancelEntireOrder.java:132)
	at sun.reflect.NativeMethodAccessorImpl.invoke0(Native Method)
	at sun.reflect.NativeMethodAccessorImpl.invoke(NativeMethodAccessorImpl.java:62)
	at sun.reflect.DelegatingMethodAccessorImpl.invoke(DelegatingMethodAccessorImpl.java:43)
	at java.lang.reflect.Method.invoke(Method.java:498)
	at org.testng.internal.MethodInvocationHelper.invokeMethod(MethodInvocationHelper.java:85)
	at org.testng.internal.Invoker.invokeConfigurationMethod(Invoker.java:510)
	at org.testng.internal.Invoker.invokeConfigurations(Invoker.java:211)
	at org.testng.internal.Invoker.invokeMethod(Invoker.java:703)
	at org.testng.internal.Invoker.retryFailed(Invoker.java:963)
	at org.testng.internal.Invoker.invokeTestMethods(Invoker.java:1142)
	at org.testng.internal.TestMethodWorker.invokeTestMethods(TestMethodWorker.java:125)
	at org.testng.internal.TestMethodWorker.run(TestMethodWorker.java:108)
	at java.util.concurrent.ThreadPoolExecutor.runWorker(ThreadPoolExecutor.java:1142)
	at java.util.concurrent.ThreadPoolExecutor$Worker.run(ThreadPoolExecutor.java:617)
	at java.lang.Thread.run(Thread.java:745)
]]>
            </full-stacktrace>
          </exception> <!-- org.openqa.selenium.UnhandledAlertException -->
          <reporter-output>
            <line>
              <![CDATA[Completed executing following method : STS_RemorseCancelEntireOrder.Capture_Screenshot]]>
            </line>
          </reporter-output>
        </test-method> <!-- Capture_Screenshot -->
        <test-method status="SKIP" signature="CSR_RemorseCancel()[pri:0, instance:tests.STS_RemorseCancelEntireOrder@31a5c39e]" name="CSR_RemorseCancel" duration-ms="4" started-at="2017-12-18T15:35:53Z" finished-at="2017-12-18T15:35:53Z">
          <reporter-output>
          </reporter-output>
        </test-method> <!-- CSR_RemorseCancel -->
        <test-method status="FAIL" signature="Capture_Screenshot(org.testng.ITestResult)[pri:0, instance:tests.STS_RemorseCancelEntireOrder@31a5c39e]" name="Capture_Screenshot" is-config="true" duration-ms="0" started-at="2017-12-18T15:35:53Z" finished-at="2017-12-18T15:35:53Z">
          <params>
            <param index="0">
              <value>
                <![CDATA[[TestResult name=CSR_RemorseCancel status=SKIP method=STS_RemorseCancelEntireOrder.CSR_RemorseCancel()[pri:0, instance:tests.STS_RemorseCancelEntireOrder@31a5c39e] output={null}]]]>
              </value>
            </param>
          </params>
          <exception class="org.openqa.selenium.UnhandledAlertException">
            <message>
              <![CDATA[unexpected alert open: {Alert text : }
  (Session info: chrome=63.0.3239.84)
  (Driver info: chromedriver=2.33.506120 (e3e53437346286c0bc2d2dc9aa4915ba81d9023f),platform=Windows NT 6.1.7601 SP1 x86_64) (WARNING: The server did not provide any stacktrace information)
Command duration or timeout: 4 milliseconds: null
Build info: version: '2.53.1', revision: 'a36b8b1cd5757287168e54b817830adce9b0158d', time: '2016-06-30 19:26:09'
System info: host: 'EXPLTDC1PBT8H4W', ip: '172.26.218.167', os.name: 'Windows 7', os.arch: 'amd64', os.version: '6.1', java.version: '1.8.0_101'
Driver info: org.openqa.selenium.chrome.ChromeDriver
Capabilities [{applicationCacheEnabled=false, rotatable=false, mobileEmulationEnabled=false, networkConnectionEnabled=false, chrome={chromedriverVersion=2.33.506120 (e3e53437346286c0bc2d2dc9aa4915ba81d9023f), userDataDir=C:\Users\hnanjala\AppData\Local\Temp\scoped_dir7884_9440}, takesHeapSnapshot=true, pageLoadStrategy=normal, databaseEnabled=false, handlesAlerts=true, hasTouchScreen=false, version=63.0.3239.84, platform=XP, browserConnectionEnabled=false, nativeEvents=true, acceptSslCerts=true, locationContextEnabled=true, webStorageEnabled=true, browserName=chrome, takesScreenshot=true, javascriptEnabled=true, cssSelectorsEnabled=true, setWindowRect=true, unexpectedAlertBehaviour=}]
Session ID: 852634eae9aff672cd226453d292b5ab]]>
            </message>
            <full-stacktrace>
              <![CDATA[org.openqa.selenium.UnhandledAlertException: unexpected alert open: {Alert text : }
  (Session info: chrome=63.0.3239.84)
  (Driver info: chromedriver=2.33.506120 (e3e53437346286c0bc2d2dc9aa4915ba81d9023f),platform=Windows NT 6.1.7601 SP1 x86_64) (WARNING: The server did not provide any stacktrace information)
Command duration or timeout: 4 milliseconds: null
Build info: version: '2.53.1', revision: 'a36b8b1cd5757287168e54b817830adce9b0158d', time: '2016-06-30 19:26:09'
System info: host: 'EXPLTDC1PBT8H4W', ip: '172.26.218.167', os.name: 'Windows 7', os.arch: 'amd64', os.version: '6.1', java.version: '1.8.0_101'
Driver info: org.openqa.selenium.chrome.ChromeDriver
Capabilities [{applicationCacheEnabled=false, rotatable=false, mobileEmulationEnabled=false, networkConnectionEnabled=false, chrome={chromedriverVersion=2.33.506120 (e3e53437346286c0bc2d2dc9aa4915ba81d9023f), userDataDir=C:\Users\hnanjala\AppData\Local\Temp\scoped_dir7884_9440}, takesHeapSnapshot=true, pageLoadStrategy=normal, databaseEnabled=false, handlesAlerts=true, hasTouchScreen=false, version=63.0.3239.84, platform=XP, browserConnectionEnabled=false, nativeEvents=true, acceptSslCerts=true, locationContextEnabled=true, webStorageEnabled=true, browserName=chrome, takesScreenshot=true, javascriptEnabled=true, cssSelectorsEnabled=true, setWindowRect=true, unexpectedAlertBehaviour=}]
Session ID: 852634eae9aff672cd226453d292b5ab
	at sun.reflect.NativeConstructorAccessorImpl.newInstance0(Native Method)
	at sun.reflect.NativeConstructorAccessorImpl.newInstance(NativeConstructorAccessorImpl.java:62)
	at sun.reflect.DelegatingConstructorAccessorImpl.newInstance(DelegatingConstructorAccessorImpl.java:45)
	at java.lang.reflect.Constructor.newInstance(Constructor.java:423)
	at org.openqa.selenium.remote.ErrorHandler.createThrowable(ErrorHandler.java:206)
	at org.openqa.selenium.remote.ErrorHandler.throwIfResponseFailed(ErrorHandler.java:164)
	at org.openqa.selenium.remote.RemoteWebDriver.execute(RemoteWebDriver.java:678)
	at org.openqa.selenium.remote.RemoteWebDriver.execute(RemoteWebDriver.java:701)
	at org.openqa.selenium.remote.RemoteWebDriver.getScreenshotAs(RemoteWebDriver.java:335)
	at utilities.GenericFunctions.Capture_Screenshot(GenericFunctions.java:91)
	at tests.STS_RemorseCancelEntireOrder.Capture_Screenshot(STS_RemorseCancelEntireOrder.java:132)
	at sun.reflect.NativeMethodAccessorImpl.invoke0(Native Method)
	at sun.reflect.NativeMethodAccessorImpl.invoke(NativeMethodAccessorImpl.java:62)
	at sun.reflect.DelegatingMethodAccessorImpl.invoke(DelegatingMethodAccessorImpl.java:43)
	at java.lang.reflect.Method.invoke(Method.java:498)
	at org.testng.internal.MethodInvocationHelper.invokeMethod(MethodInvocationHelper.java:85)
	at org.testng.internal.Invoker.invokeConfigurationMethod(Invoker.java:510)
	at org.testng.internal.Invoker.invokeConfigurations(Invoker.java:211)
	at org.testng.internal.Invoker.invokeMethod(Invoker.java:703)
	at org.testng.internal.Invoker.retryFailed(Invoker.java:963)
	at org.testng.internal.Invoker.invokeTestMethods(Invoker.java:1142)
	at org.testng.internal.TestMethodWorker.invokeTestMethods(TestMethodWorker.java:125)
	at org.testng.internal.TestMethodWorker.run(TestMethodWorker.java:108)
	at java.util.concurrent.ThreadPoolExecutor.runWorker(ThreadPoolExecutor.java:1142)
	at java.util.concurrent.ThreadPoolExecutor$Worker.run(ThreadPoolExecutor.java:617)
	at java.lang.Thread.run(Thread.java:745)
]]>
            </full-stacktrace>
          </exception> <!-- org.openqa.selenium.UnhandledAlertException -->
          <reporter-output>
            <line>
              <![CDATA[Completed executing following method : STS_RemorseCancelEntireOrder.Capture_Screenshot]]>
            </line>
          </reporter-output>
        </test-method> <!-- Capture_Screenshot -->
        <test-method status="FAIL" signature="teardown()[pri:0, instance:tests.STS_RemorseCancelEntireOrder@31a5c39e]" name="teardown" is-config="true" duration-ms="0" started-at="2017-12-18T15:35:53Z" finished-at="2017-12-18T15:35:53Z">
          <exception class="org.openqa.selenium.WebDriverException">
            <message>
              <![CDATA[unknown error: failed to close window in 20 seconds
  (Session info: chrome=63.0.3239.84)
  (Driver info: chromedriver=2.33.506120 (e3e53437346286c0bc2d2dc9aa4915ba81d9023f),platform=Windows NT 6.1.7601 SP1 x86_64) (WARNING: The server did not provide any stacktrace information)
Command duration or timeout: 20.08 seconds
Build info: version: '2.53.1', revision: 'a36b8b1cd5757287168e54b817830adce9b0158d', time: '2016-06-30 19:26:09'
System info: host: 'EXPLTDC1PBT8H4W', ip: '172.26.218.167', os.name: 'Windows 7', os.arch: 'amd64', os.version: '6.1', java.version: '1.8.0_101'
Driver info: org.openqa.selenium.chrome.ChromeDriver
Capabilities [{applicationCacheEnabled=false, rotatable=false, mobileEmulationEnabled=false, networkConnectionEnabled=false, chrome={chromedriverVersion=2.33.506120 (e3e53437346286c0bc2d2dc9aa4915ba81d9023f), userDataDir=C:\Users\hnanjala\AppData\Local\Temp\scoped_dir7884_9440}, takesHeapSnapshot=true, pageLoadStrategy=normal, databaseEnabled=false, handlesAlerts=true, hasTouchScreen=false, version=63.0.3239.84, platform=XP, browserConnectionEnabled=false, nativeEvents=true, acceptSslCerts=true, locationContextEnabled=true, webStorageEnabled=true, browserName=chrome, takesScreenshot=true, javascriptEnabled=true, cssSelectorsEnabled=true, setWindowRect=true, unexpectedAlertBehaviour=}]
Session ID: 852634eae9aff672cd226453d292b5ab]]>
            </message>
            <full-stacktrace>
              <![CDATA[org.openqa.selenium.WebDriverException: unknown error: failed to close window in 20 seconds
  (Session info: chrome=63.0.3239.84)
  (Driver info: chromedriver=2.33.506120 (e3e53437346286c0bc2d2dc9aa4915ba81d9023f),platform=Windows NT 6.1.7601 SP1 x86_64) (WARNING: The server did not provide any stacktrace information)
Command duration or timeout: 20.08 seconds
Build info: version: '2.53.1', revision: 'a36b8b1cd5757287168e54b817830adce9b0158d', time: '2016-06-30 19:26:09'
System info: host: 'EXPLTDC1PBT8H4W', ip: '172.26.218.167', os.name: 'Windows 7', os.arch: 'amd64', os.version: '6.1', java.version: '1.8.0_101'
Driver info: org.openqa.selenium.chrome.ChromeDriver
Capabilities [{applicationCacheEnabled=false, rotatable=false, mobileEmulationEnabled=false, networkConnectionEnabled=false, chrome={chromedriverVersion=2.33.506120 (e3e53437346286c0bc2d2dc9aa4915ba81d9023f), userDataDir=C:\Users\hnanjala\AppData\Local\Temp\scoped_dir7884_9440}, takesHeapSnapshot=true, pageLoadStrategy=normal, databaseEnabled=false, handlesAlerts=true, hasTouchScreen=false, version=63.0.3239.84, platform=XP, browserConnectionEnabled=false, nativeEvents=true, acceptSslCerts=true, locationContextEnabled=true, webStorageEnabled=true, browserName=chrome, takesScreenshot=true, javascriptEnabled=true, cssSelectorsEnabled=true, setWindowRect=true, unexpectedAlertBehaviour=}]
Session ID: 852634eae9aff672cd226453d292b5ab
	at sun.reflect.NativeConstructorAccessorImpl.newInstance0(Native Method)
	at sun.reflect.NativeConstructorAccessorImpl.newInstance(NativeConstructorAccessorImpl.java:62)
	at sun.reflect.DelegatingConstructorAccessorImpl.newInstance(DelegatingConstructorAccessorImpl.java:45)
	at java.lang.reflect.Constructor.newInstance(Constructor.java:423)
	at org.openqa.selenium.remote.ErrorHandler.createThrowable(ErrorHandler.java:206)
	at org.openqa.selenium.remote.ErrorHandler.throwIfResponseFailed(ErrorHandler.java:158)
	at org.openqa.selenium.remote.RemoteWebDriver.execute(RemoteWebDriver.java:678)
	at org.openqa.selenium.remote.RemoteWebDriver.execute(RemoteWebDriver.java:701)
	at org.openqa.selenium.remote.RemoteWebDriver.close(RemoteWebDriver.java:521)
	at tests.STS_RemorseCancelEntireOrder.teardown(STS_RemorseCancelEntireOrder.java:139)
	at sun.reflect.NativeMethodAccessorImpl.invoke0(Native Method)
	at sun.reflect.NativeMethodAccessorImpl.invoke(NativeMethodAccessorImpl.java:62)
	at sun.reflect.DelegatingMethodAccessorImpl.invoke(DelegatingMethodAccessorImpl.java:43)
	at java.lang.reflect.Method.invoke(Method.java:498)
	at org.testng.internal.MethodInvocationHelper.invokeMethod(MethodInvocationHelper.java:85)
	at org.testng.internal.Invoker.invokeConfigurationMethod(Invoker.java:510)
	at org.testng.internal.Invoker.invokeConfigurations(Invoker.java:211)
	at org.testng.internal.Invoker.invokeConfigurations(Invoker.java:138)
	at org.testng.internal.TestMethodWorker.invokeAfterClassMethods(TestMethodWorker.java:220)
	at org.testng.internal.TestMethodWorker.run(TestMethodWorker.java:111)
	at java.util.concurrent.ThreadPoolExecutor.runWorker(ThreadPoolExecutor.java:1142)
	at java.util.concurrent.ThreadPoolExecutor$Worker.run(ThreadPoolExecutor.java:617)
	at java.lang.Thread.run(Thread.java:745)
]]>
            </full-stacktrace>
          </exception> <!-- org.openqa.selenium.WebDriverException -->
          <reporter-output>
            <line>
              <![CDATA[Completed executing following method : STS_RemorseCancelEntireOrder.teardown]]>
            </line>
          </reporter-output>
        </test-method> <!-- teardown -->
      </class> <!-- tests.STS_RemorseCancelEntireOrder -->
      <class name="tests.BOPIS_CSROrder">
        <test-method status="PASS" signature="Setup()[pri:0, instance:tests.BOPIS_CSROrder@5bcab519]" name="Setup" is-config="true" duration-ms="4583" started-at="2017-12-18T15:34:20Z" finished-at="2017-12-18T15:34:25Z">
          <reporter-output>
            <line>
              <![CDATA[Completed executing following method : BOPIS_CSROrder.Setup]]>
            </line>
          </reporter-output>
        </test-method> <!-- Setup -->
        <test-method status="PASS" signature="CSR_Order()[pri:0, instance:tests.BOPIS_CSROrder@5bcab519]" name="CSR_Order" duration-ms="128392" started-at="2017-12-18T15:34:25Z" finished-at="2017-12-18T15:36:33Z">
          <reporter-output>
            <line>
              <![CDATA[Completed executing following method : BOPIS_CSROrder.CSR_Order]]>
            </line>
            <line>
              <![CDATA[Test Method resides in tests.BOPIS_CSROrder]]>
            </line>
            <line>
              <![CDATA[Test Status: Pass]]>
            </line>
            <line>
              <![CDATA[About to begin executing following method : BOPIS_CSROrder.Capture_Screenshot]]>
            </line>
          </reporter-output>
        </test-method> <!-- CSR_Order -->
        <test-method status="PASS" signature="Capture_Screenshot(org.testng.ITestResult)[pri:0, instance:tests.BOPIS_CSROrder@5bcab519]" name="Capture_Screenshot" is-config="true" duration-ms="2381" started-at="2017-12-18T15:36:33Z" finished-at="2017-12-18T15:36:36Z">
          <params>
            <param index="0">
              <value>
                <![CDATA[[TestResult name=CSR_Order status=SUCCESS method=BOPIS_CSROrder.CSR_Order()[pri:0, instance:tests.BOPIS_CSROrder@5bcab519] output=Completed executing following method : BOPIS_CSROrder.CSR_Order]]]>
              </value>
            </param>
          </params>
          <reporter-output>
            <line>
              <![CDATA[Completed executing following method : BOPIS_CSROrder.Capture_Screenshot]]>
            </line>
          </reporter-output>
        </test-method> <!-- Capture_Screenshot -->
        <test-method status="PASS" signature="teardown()[pri:0, instance:tests.BOPIS_CSROrder@5bcab519]" name="teardown" is-config="true" duration-ms="2817" started-at="2017-12-18T15:36:36Z" finished-at="2017-12-18T15:36:38Z">
          <reporter-output>
            <line>
              <![CDATA[Completed executing following method : BOPIS_CSROrder.teardown]]>
            </line>
          </reporter-output>
        </test-method> <!-- teardown -->
      </class> <!-- tests.BOPIS_CSROrder -->
      <class name="tests.SFS_CSROrder">
        <test-method status="PASS" signature="Setup()[pri:0, instance:tests.SFS_CSROrder@e45f292]" name="Setup" is-config="true" duration-ms="3922" started-at="2017-12-18T15:34:20Z" finished-at="2017-12-18T15:34:24Z">
          <reporter-output>
            <line>
              <![CDATA[Completed executing following method : SFS_CSROrder.Setup]]>
            </line>
          </reporter-output>
        </test-method> <!-- Setup -->
        <test-method status="PASS" signature="CSR_Order()[pri:0, instance:tests.SFS_CSROrder@e45f292]" name="CSR_Order" duration-ms="135375" started-at="2017-12-18T15:34:24Z" finished-at="2017-12-18T15:36:40Z">
          <reporter-output>
            <line>
              <![CDATA[Completed executing following method : SFS_CSROrder.CSR_Order]]>
            </line>
            <line>
              <![CDATA[Test Method resides in tests.SFS_CSROrder]]>
            </line>
            <line>
              <![CDATA[Test Status: Pass]]>
            </line>
            <line>
              <![CDATA[About to begin executing following method : SFS_CSROrder.Capture_Screenshot]]>
            </line>
          </reporter-output>
        </test-method> <!-- CSR_Order -->
        <test-method status="PASS" signature="Capture_Screenshot(org.testng.ITestResult)[pri:0, instance:tests.SFS_CSROrder@e45f292]" name="Capture_Screenshot" is-config="true" duration-ms="2342" started-at="2017-12-18T15:36:40Z" finished-at="2017-12-18T15:36:42Z">
          <params>
            <param index="0">
              <value>
                <![CDATA[[TestResult name=CSR_Order status=SUCCESS method=SFS_CSROrder.CSR_Order()[pri:0, instance:tests.SFS_CSROrder@e45f292] output=Completed executing following method : SFS_CSROrder.CSR_Order]]]>
              </value>
            </param>
          </params>
          <reporter-output>
            <line>
              <![CDATA[Completed executing following method : SFS_CSROrder.Capture_Screenshot]]>
            </line>
          </reporter-output>
        </test-method> <!-- Capture_Screenshot -->
        <test-method status="PASS" signature="teardown()[pri:0, instance:tests.SFS_CSROrder@e45f292]" name="teardown" is-config="true" duration-ms="1206" started-at="2017-12-18T15:36:42Z" finished-at="2017-12-18T15:36:43Z">
          <reporter-output>
            <line>
              <![CDATA[Completed executing following method : SFS_CSROrder.teardown]]>
            </line>
          </reporter-output>
        </test-method> <!-- teardown -->
      </class> <!-- tests.SFS_CSROrder -->
      <class name="tests.STS_SLMQ_Visa">
        <test-method status="PASS" signature="Setup()[pri:0, instance:tests.STS_SLMQ_Visa@3f49dace]" name="Setup" is-config="true" duration-ms="4442" started-at="2017-12-18T15:34:20Z" finished-at="2017-12-18T15:34:25Z">
          <reporter-output>
            <line>
              <![CDATA[Completed executing following method : STS_SLMQ_Visa.Setup]]>
            </line>
          </reporter-output>
        </test-method> <!-- Setup -->
        <test-method status="PASS" signature="CSR_STS_SLMQ_Visa()[pri:0, instance:tests.STS_SLMQ_Visa@3f49dace]" name="CSR_STS_SLMQ_Visa" duration-ms="144226" started-at="2017-12-18T15:34:25Z" finished-at="2017-12-18T15:36:49Z">
          <reporter-output>
            <line>
              <![CDATA[Completed executing following method : STS_SLMQ_Visa.CSR_STS_SLMQ_Visa]]>
            </line>
            <line>
              <![CDATA[Test Method resides in tests.STS_SLMQ_Visa]]>
            </line>
            <line>
              <![CDATA[Test Status: Pass]]>
            </line>
            <line>
              <![CDATA[About to begin executing following method : STS_SLMQ_Visa.Capture_Screenshot]]>
            </line>
          </reporter-output>
        </test-method> <!-- CSR_STS_SLMQ_Visa -->
        <test-method status="PASS" signature="Capture_Screenshot(org.testng.ITestResult)[pri:0, instance:tests.STS_SLMQ_Visa@3f49dace]" name="Capture_Screenshot" is-config="true" duration-ms="2347" started-at="2017-12-18T15:36:49Z" finished-at="2017-12-18T15:36:51Z">
          <params>
            <param index="0">
              <value>
                <![CDATA[[TestResult name=CSR_STS_SLMQ_Visa status=SUCCESS method=STS_SLMQ_Visa.CSR_STS_SLMQ_Visa()[pri:0, instance:tests.STS_SLMQ_Visa@3f49dace] output=Completed executing following method : STS_SLMQ_Visa.CSR_STS_SLMQ_Visa]]]>
              </value>
            </param>
          </params>
          <reporter-output>
            <line>
              <![CDATA[Completed executing following method : STS_SLMQ_Visa.Capture_Screenshot]]>
            </line>
          </reporter-output>
        </test-method> <!-- Capture_Screenshot -->
        <test-method status="PASS" signature="teardown()[pri:0, instance:tests.STS_SLMQ_Visa@3f49dace]" name="teardown" is-config="true" duration-ms="1232" started-at="2017-12-18T15:36:51Z" finished-at="2017-12-18T15:36:53Z">
          <reporter-output>
            <line>
              <![CDATA[Completed executing following method : STS_SLMQ_Visa.teardown]]>
            </line>
          </reporter-output>
        </test-method> <!-- teardown -->
      </class> <!-- tests.STS_SLMQ_Visa -->
    </test> <!-- Test -->
  </suite> <!-- Suite -->
</testng-results>
