<?xml version="1.0" encoding="UTF-8"?>
<testng-results skipped="0" failed="0" total="1" passed="1">
  <reporter-output>
  </reporter-output>
  <suite name="Default suite" duration-ms="125601" started-at="2017-11-08T19:30:05Z" finished-at="2017-11-08T19:32:10Z">
    <groups>
    </groups>
    <test name="Default test" duration-ms="125601" started-at="2017-11-08T19:30:05Z" finished-at="2017-11-08T19:32:10Z">
      <class name="tests.BOPIS_CSROrder">
        <test-method status="PASS" signature="Setup()[pri:0, instance:tests.BOPIS_CSROrder@73ad2d6]" name="Setup" is-config="true" duration-ms="2468" started-at="2017-11-08T14:30:05Z" finished-at="2017-11-08T14:30:07Z">
          <reporter-output>
          </reporter-output>
        </test-method> <!-- Setup -->
        <test-method status="PASS" signature="CSR_Order()[pri:0, instance:tests.BOPIS_CSROrder@73ad2d6]" name="CSR_Order" duration-ms="121865" started-at="2017-11-08T14:30:07Z" finished-at="2017-11-08T14:32:09Z">
          <reporter-output>
          </reporter-output>
        </test-method> <!-- CSR_Order -->
        <test-method status="PASS" signature="teardown()[pri:0, instance:tests.BOPIS_CSROrder@73ad2d6]" name="teardown" is-config="true" duration-ms="1252" started-at="2017-11-08T14:32:09Z" finished-at="2017-11-08T14:32:10Z">
          <reporter-output>
          </reporter-output>
        </test-method> <!-- teardown -->
      </class> <!-- tests.BOPIS_CSROrder -->
    </test> <!-- Default test -->
  </suite> <!-- Default suite -->
</testng-results>
