<?xml version="1.0" encoding="UTF-8"?>
<testng-results skipped="0" failed="0" total="1" passed="1">
  <reporter-output>
  </reporter-output>
  <suite name="Default suite" duration-ms="108947" started-at="2017-12-13T20:31:28Z" finished-at="2017-12-13T20:33:17Z">
    <groups>
    </groups>
    <test name="Default test" duration-ms="108947" started-at="2017-12-13T20:31:28Z" finished-at="2017-12-13T20:33:17Z">
      <class name="tests.SFS_CSROrder">
        <test-method status="PASS" signature="Setup()[pri:0, instance:tests.SFS_CSROrder@6500df86]" name="Setup" is-config="true" duration-ms="2600" started-at="2017-12-13T15:31:28Z" finished-at="2017-12-13T15:31:31Z">
          <reporter-output>
          </reporter-output>
        </test-method> <!-- Setup -->
        <test-method status="PASS" signature="CSR_Order()[pri:0, instance:tests.SFS_CSROrder@6500df86]" name="CSR_Order" duration-ms="102627" started-at="2017-12-13T15:31:31Z" finished-at="2017-12-13T15:33:14Z">
          <reporter-output>
          </reporter-output>
        </test-method> <!-- CSR_Order -->
        <test-method status="PASS" signature="Capture_Screenshot(org.testng.ITestResult)[pri:0, instance:tests.SFS_CSROrder@6500df86]" name="Capture_Screenshot" is-config="true" duration-ms="399" started-at="2017-12-13T15:33:14Z" finished-at="2017-12-13T15:33:14Z">
          <params>
            <param index="0">
              <value>
                <![CDATA[[TestResult name=CSR_Order status=SUCCESS method=SFS_CSROrder.CSR_Order()[pri:0, instance:tests.SFS_CSROrder@6500df86] output={null}]]]>
              </value>
            </param>
          </params>
          <reporter-output>
          </reporter-output>
        </test-method> <!-- Capture_Screenshot -->
        <test-method status="PASS" signature="teardown()[pri:0, instance:tests.SFS_CSROrder@6500df86]" name="teardown" is-config="true" duration-ms="3306" started-at="2017-12-13T15:33:14Z" finished-at="2017-12-13T15:33:17Z">
          <reporter-output>
          </reporter-output>
        </test-method> <!-- teardown -->
      </class> <!-- tests.SFS_CSROrder -->
    </test> <!-- Default test -->
  </suite> <!-- Default suite -->
</testng-results>
