<?xml version="1.0" encoding="UTF-8"?>
<testng-results skipped="0" failed="1" total="1" passed="0">
  <reporter-output>
  </reporter-output>
  <suite name="Default suite" duration-ms="94381" started-at="2017-11-09T21:33:34Z" finished-at="2017-11-09T21:35:09Z">
    <groups>
    </groups>
    <test name="Default test" duration-ms="94381" started-at="2017-11-09T21:33:34Z" finished-at="2017-11-09T21:35:09Z">
      <class name="tests.SFS_CSROrder">
        <test-method status="PASS" signature="Setup()[pri:0, instance:tests.SFS_CSROrder@39529185]" name="Setup" is-config="true" duration-ms="2839" started-at="2017-11-09T16:33:34Z" finished-at="2017-11-09T16:33:37Z">
          <reporter-output>
          </reporter-output>
        </test-method> <!-- Setup -->
        <test-method status="FAIL" signature="CSR_Order()[pri:0, instance:tests.SFS_CSROrder@39529185]" name="CSR_Order" duration-ms="88096" started-at="2017-11-09T16:33:37Z" finished-at="2017-11-09T16:35:05Z">
          <exception class="java.lang.NullPointerException">
            <full-stacktrace>
              <![CDATA[java.lang.NullPointerException
	at utilities.ExcelUtilities.updateExcel(ExcelUtilities.java:256)
	at tests.SFS_CSROrder.CSR_Order(SFS_CSROrder.java:197)
	at sun.reflect.NativeMethodAccessorImpl.invoke0(Native Method)
	at sun.reflect.NativeMethodAccessorImpl.invoke(NativeMethodAccessorImpl.java:62)
	at sun.reflect.DelegatingMethodAccessorImpl.invoke(DelegatingMethodAccessorImpl.java:43)
	at java.lang.reflect.Method.invoke(Method.java:498)
	at org.testng.internal.MethodInvocationHelper.invokeMethod(MethodInvocationHelper.java:85)
	at org.testng.internal.Invoker.invokeMethod(Invoker.java:639)
	at org.testng.internal.Invoker.invokeTestMethod(Invoker.java:816)
	at org.testng.internal.Invoker.invokeTestMethods(Invoker.java:1124)
	at org.testng.internal.TestMethodWorker.invokeTestMethods(TestMethodWorker.java:125)
	at org.testng.internal.TestMethodWorker.run(TestMethodWorker.java:108)
	at org.testng.TestRunner.privateRun(TestRunner.java:774)
	at org.testng.TestRunner.run(TestRunner.java:624)
	at org.testng.SuiteRunner.runTest(SuiteRunner.java:359)
	at org.testng.SuiteRunner.runSequentially(SuiteRunner.java:354)
	at org.testng.SuiteRunner.privateRun(SuiteRunner.java:312)
	at org.testng.SuiteRunner.run(SuiteRunner.java:261)
	at org.testng.SuiteRunnerWorker.runSuite(SuiteRunnerWorker.java:52)
	at org.testng.SuiteRunnerWorker.run(SuiteRunnerWorker.java:86)
	at org.testng.TestNG.runSuitesSequentially(TestNG.java:1215)
	at org.testng.TestNG.runSuitesLocally(TestNG.java:1140)
	at org.testng.TestNG.run(TestNG.java:1048)
	at org.testng.remote.AbstractRemoteTestNG.run(AbstractRemoteTestNG.java:132)
	at org.testng.remote.RemoteTestNG.initAndRun(RemoteTestNG.java:236)
	at org.testng.remote.RemoteTestNG.main(RemoteTestNG.java:81)
]]>
            </full-stacktrace>
          </exception> <!-- java.lang.NullPointerException -->
          <reporter-output>
          </reporter-output>
        </test-method> <!-- CSR_Order -->
        <test-method status="PASS" signature="Capture_Screenshot(org.testng.ITestResult)[pri:0, instance:tests.SFS_CSROrder@39529185]" name="Capture_Screenshot" is-config="true" duration-ms="368" started-at="2017-11-09T16:35:05Z" finished-at="2017-11-09T16:35:06Z">
          <params>
            <param index="0">
              <value>
                <![CDATA[[TestResult name=CSR_Order status=FAILURE method=SFS_CSROrder.CSR_Order()[pri:0, instance:tests.SFS_CSROrder@39529185] output={null}]]]>
              </value>
            </param>
          </params>
          <reporter-output>
          </reporter-output>
        </test-method> <!-- Capture_Screenshot -->
        <test-method status="PASS" signature="teardown()[pri:0, instance:tests.SFS_CSROrder@39529185]" name="teardown" is-config="true" duration-ms="3053" started-at="2017-11-09T16:35:06Z" finished-at="2017-11-09T16:35:09Z">
          <reporter-output>
          </reporter-output>
        </test-method> <!-- teardown -->
      </class> <!-- tests.SFS_CSROrder -->
    </test> <!-- Default test -->
  </suite> <!-- Default suite -->
</testng-results>
